2018-02-09 09:02:12.188  INFO 19640 --- [main] com.fps.RmsApplication                   : Starting RmsApplication on DESKTOP-DBD29NV with PID 19640 (D:\projects\javaweb\spring\rms\target\classes started by TungNS in D:\projects\javaweb\spring\rms)
2018-02-09 09:02:12.192  INFO 19640 --- [main] com.fps.RmsApplication                   : No active profile set, falling back to default profiles: default
2018-02-09 09:02:12.236  INFO 19640 --- [main] ConfigServletWebServerApplicationContext : Refreshing org.springframework.boot.web.servlet.context.AnnotationConfigServletWebServerApplicationContext@692f203f: startup date [Fri Feb 09 09:02:12 ICT 2018]; root of context hierarchy
2018-02-09 09:02:13.546  INFO 19640 --- [main] o.h.v.i.engine.ValidatorFactoryImpl      : HV000238: Temporal validation tolerance set to 0.
2018-02-09 09:02:13.830  INFO 19640 --- [main] o.s.b.w.embedded.tomcat.TomcatWebServer  : Tomcat initialized with port(s): 8080 (http)
2018-02-09 09:02:13.838  INFO 19640 --- [main] o.apache.catalina.core.StandardService   : Starting service [Tomcat]
2018-02-09 09:02:13.838  INFO 19640 --- [main] org.apache.catalina.core.StandardEngine  : Starting Servlet Engine: Apache Tomcat/8.5.23
2018-02-09 09:02:13.846  INFO 19640 --- [localhost-startStop-1] o.a.catalina.core.AprLifecycleListener   : The APR based Apache Tomcat Native library which allows optimal performance in production environments was not found on the java.library.path: [C:\Program Files\Java\jdk1.8.0_144\bin;C:\WINDOWS\Sun\Java\bin;C:\WINDOWS\system32;C:\WINDOWS;C:\Program Files\HPE\NV\lib\shunra\vcat;C:\Program Files (x86)\Intel\iCLS Client\;C:\ProgramData\Oracle\Java\javapath;C:\Program Files\Intel\iCLS Client\;C:\WINDOWS\system32;C:\WINDOWS;C:\WINDOWS\System32\Wbem;C:\WINDOWS\System32\WindowsPowerShell\v1.0\;C:\Program Files (x86)\NVIDIA Corporation\PhysX\Common;C:\WINDOWS\system32;C:\WINDOWS;C:\WINDOWS\System32\Wbem;C:\WINDOWS\System32\WindowsPowerShell\v1.0\;C:\Program Files (x86)\Bitvise SSH Client;C:\Program Files (x86)\Intel\Intel(R) Management Engine Components\DAL;C:\Program Files\Intel\Intel(R) Management Engine Components\DAL;C:\Program Files (x86)\Intel\Intel(R) Management Engine Components\IPT;C:\Program Files\Intel\Intel(R) Management Engine Components\IPT;C:\Program Files\TortoiseSVN\bin;C:\Program Files (x86)\Skype\Phone\;C:\Program Files\Intel\WiFi\bin\;C:\Program Files\Common Files\Intel\WirelessCommon\;C:\Program Files (x86)\HPE\LoadRunner\strawberry-perl\perl\bin;C:\Users\TungNS\AppData\Local\Microsoft\WindowsApps;C:\oracle\instantclient_11_2;C:\Program Files\Intel\WiFi\bin\;C:\Program Files\Common Files\Intel\WirelessCommon\;.]
2018-02-09 09:02:14.079  INFO 19640 --- [localhost-startStop-1] org.apache.jasper.servlet.TldScanner     : At least one JAR was scanned for TLDs yet contained no TLDs. Enable debug logging for this logger for a complete list of JARs that were scanned but no TLDs were found in them. Skipping unneeded JARs during scanning can improve startup time and JSP compilation time.
2018-02-09 09:02:14.083  INFO 19640 --- [localhost-startStop-1] o.a.c.c.C.[Tomcat].[localhost].[/]       : Initializing Spring embedded WebApplicationContext
2018-02-09 09:02:14.083  INFO 19640 --- [localhost-startStop-1] o.s.web.context.ContextLoader            : Root WebApplicationContext: initialization completed in 1847 ms
2018-02-09 09:02:14.191  WARN 19640 --- [localhost-startStop-1] c.f.c.s.CustomFilterSecurityInterceptor  : Could not validate configuration attributes as the SecurityMetadataSource did not return any attributes from getAllConfigAttributes()
2018-02-09 09:02:14.247  INFO 19640 --- [localhost-startStop-1] o.s.b.w.servlet.FilterRegistrationBean   : Mapping filter: 'characterEncodingFilter' to: [/*]
2018-02-09 09:02:14.247  INFO 19640 --- [localhost-startStop-1] o.s.b.w.servlet.FilterRegistrationBean   : Mapping filter: 'hiddenHttpMethodFilter' to: [/*]
2018-02-09 09:02:14.247  INFO 19640 --- [localhost-startStop-1] o.s.b.w.servlet.FilterRegistrationBean   : Mapping filter: 'httpPutFormContentFilter' to: [/*]
2018-02-09 09:02:14.247  INFO 19640 --- [localhost-startStop-1] o.s.b.w.servlet.FilterRegistrationBean   : Mapping filter: 'requestContextFilter' to: [/*]
2018-02-09 09:02:14.247  INFO 19640 --- [localhost-startStop-1] .s.DelegatingFilterProxyRegistrationBean : Mapping filter: 'springSecurityFilterChain' to: [/*]
2018-02-09 09:02:14.247  INFO 19640 --- [localhost-startStop-1] o.s.b.w.servlet.FilterRegistrationBean   : Mapping filter: 'customFilterSecurityInterceptor' to: [/*]
2018-02-09 09:02:14.247  INFO 19640 --- [localhost-startStop-1] o.s.b.w.servlet.ServletRegistrationBean  : Mapping servlet: 'dispatcherServlet' to [/]
2018-02-09 09:02:14.459  INFO 19640 --- [main] com.zaxxer.hikari.HikariDataSource       : testdb - Starting...
2018-02-09 09:02:57.553 ERROR 19640 --- [main] com.zaxxer.hikari.pool.HikariPool        : testdb - Exception during pool initialization.

java.sql.SQLRecoverableException: IO Error: The Network Adapter could not establish the connection
	at oracle.jdbc.driver.T4CConnection.logon(T4CConnection.java:774) ~[ojdbc8-12.2.0.jar:12.2.0.1.0]
	at oracle.jdbc.driver.PhysicalConnection.connect(PhysicalConnection.java:688) ~[ojdbc8-12.2.0.jar:12.2.0.1.0]
	at oracle.jdbc.driver.T4CDriverExtension.getConnection(T4CDriverExtension.java:39) ~[ojdbc8-12.2.0.jar:12.2.0.1.0]
	at oracle.jdbc.driver.OracleDriver.connect(OracleDriver.java:691) ~[ojdbc8-12.2.0.jar:12.2.0.1.0]
	at com.zaxxer.hikari.util.DriverDataSource.getConnection(DriverDataSource.java:117) ~[HikariCP-2.7.4.jar:na]
	at com.zaxxer.hikari.util.DriverDataSource.getConnection(DriverDataSource.java:123) ~[HikariCP-2.7.4.jar:na]
	at com.zaxxer.hikari.pool.PoolBase.newConnection(PoolBase.java:375) ~[HikariCP-2.7.4.jar:na]
	at com.zaxxer.hikari.pool.PoolBase.newPoolEntry(PoolBase.java:204) ~[HikariCP-2.7.4.jar:na]
	at com.zaxxer.hikari.pool.HikariPool.createPoolEntry(HikariPool.java:459) [HikariCP-2.7.4.jar:na]
	at com.zaxxer.hikari.pool.HikariPool.checkFailFast(HikariPool.java:533) [HikariCP-2.7.4.jar:na]
	at com.zaxxer.hikari.pool.HikariPool.<init>(HikariPool.java:114) [HikariCP-2.7.4.jar:na]
	at com.zaxxer.hikari.HikariDataSource.getConnection(HikariDataSource.java:97) [HikariCP-2.7.4.jar:na]
	at org.springframework.jdbc.datasource.DataSourceUtils.fetchConnection(DataSourceUtils.java:151) [spring-jdbc-5.0.2.RELEASE.jar:5.0.2.RELEASE]
	at org.springframework.jdbc.datasource.DataSourceUtils.doGetConnection(DataSourceUtils.java:115) [spring-jdbc-5.0.2.RELEASE.jar:5.0.2.RELEASE]
	at org.springframework.jdbc.datasource.DataSourceUtils.getConnection(DataSourceUtils.java:78) [spring-jdbc-5.0.2.RELEASE.jar:5.0.2.RELEASE]
	at org.springframework.jdbc.support.JdbcUtils.extractDatabaseMetaData(JdbcUtils.java:319) [spring-jdbc-5.0.2.RELEASE.jar:5.0.2.RELEASE]
	at org.springframework.jdbc.support.JdbcUtils.extractDatabaseMetaData(JdbcUtils.java:356) [spring-jdbc-5.0.2.RELEASE.jar:5.0.2.RELEASE]
	at org.springframework.boot.autoconfigure.orm.jpa.DatabaseLookup.getDatabase(DatabaseLookup.java:72) [spring-boot-autoconfigure-2.0.0.M7.jar:2.0.0.M7]
	at org.springframework.boot.autoconfigure.orm.jpa.JpaProperties.determineDatabase(JpaProperties.java:166) [spring-boot-autoconfigure-2.0.0.M7.jar:2.0.0.M7]
	at org.springframework.boot.autoconfigure.orm.jpa.JpaBaseConfiguration.jpaVendorAdapter(JpaBaseConfiguration.java:109) [spring-boot-autoconfigure-2.0.0.M7.jar:2.0.0.M7]
	at org.springframework.boot.autoconfigure.orm.jpa.HibernateJpaConfiguration$$EnhancerBySpringCGLIB$$67a9355.CGLIB$jpaVendorAdapter$4(<generated>) [spring-boot-autoconfigure-2.0.0.M7.jar:2.0.0.M7]
	at org.springframework.boot.autoconfigure.orm.jpa.HibernateJpaConfiguration$$EnhancerBySpringCGLIB$$67a9355$$FastClassBySpringCGLIB$$c17c996b.invoke(<generated>) [spring-boot-autoconfigure-2.0.0.M7.jar:2.0.0.M7]
	at org.springframework.cglib.proxy.MethodProxy.invokeSuper(MethodProxy.java:228) [spring-core-5.0.2.RELEASE.jar:5.0.2.RELEASE]
	at org.springframework.context.annotation.ConfigurationClassEnhancer$BeanMethodInterceptor.intercept(ConfigurationClassEnhancer.java:361) [spring-context-5.0.2.RELEASE.jar:5.0.2.RELEASE]
	at org.springframework.boot.autoconfigure.orm.jpa.HibernateJpaConfiguration$$EnhancerBySpringCGLIB$$67a9355.jpaVendorAdapter(<generated>) [spring-boot-autoconfigure-2.0.0.M7.jar:2.0.0.M7]
	at sun.reflect.NativeMethodAccessorImpl.invoke0(Native Method) ~[na:1.8.0_144]
	at sun.reflect.NativeMethodAccessorImpl.invoke(NativeMethodAccessorImpl.java:62) ~[na:1.8.0_144]
	at sun.reflect.DelegatingMethodAccessorImpl.invoke(DelegatingMethodAccessorImpl.java:43) ~[na:1.8.0_144]
	at java.lang.reflect.Method.invoke(Method.java:498) ~[na:1.8.0_144]
	at org.springframework.beans.factory.support.SimpleInstantiationStrategy.instantiate(SimpleInstantiationStrategy.java:154) [spring-beans-5.0.2.RELEASE.jar:5.0.2.RELEASE]
	at org.springframework.beans.factory.support.ConstructorResolver.instantiateUsingFactoryMethod(ConstructorResolver.java:579) [spring-beans-5.0.2.RELEASE.jar:5.0.2.RELEASE]
	at org.springframework.beans.factory.support.AbstractAutowireCapableBeanFactory.instantiateUsingFactoryMethod(AbstractAutowireCapableBeanFactory.java:1250) [spring-beans-5.0.2.RELEASE.jar:5.0.2.RELEASE]
	at org.springframework.beans.factory.support.AbstractAutowireCapableBeanFactory.createBeanInstance(AbstractAutowireCapableBeanFactory.java:1099) [spring-beans-5.0.2.RELEASE.jar:5.0.2.RELEASE]
	at org.springframework.beans.factory.support.AbstractAutowireCapableBeanFactory.doCreateBean(AbstractAutowireCapableBeanFactory.java:545) [spring-beans-5.0.2.RELEASE.jar:5.0.2.RELEASE]
	at org.springframework.beans.factory.support.AbstractAutowireCapableBeanFactory.createBean(AbstractAutowireCapableBeanFactory.java:502) [spring-beans-5.0.2.RELEASE.jar:5.0.2.RELEASE]
	at org.springframework.beans.factory.support.AbstractBeanFactory.lambda$doGetBean$0(AbstractBeanFactory.java:312) [spring-beans-5.0.2.RELEASE.jar:5.0.2.RELEASE]
	at org.springframework.beans.factory.support.DefaultSingletonBeanRegistry.getSingleton(DefaultSingletonBeanRegistry.java:228) ~[spring-beans-5.0.2.RELEASE.jar:5.0.2.RELEASE]
	at org.springframework.beans.factory.support.AbstractBeanFactory.doGetBean(AbstractBeanFactory.java:310) [spring-beans-5.0.2.RELEASE.jar:5.0.2.RELEASE]
	at org.springframework.beans.factory.support.AbstractBeanFactory.getBean(AbstractBeanFactory.java:200) [spring-beans-5.0.2.RELEASE.jar:5.0.2.RELEASE]
	at org.springframework.beans.factory.config.DependencyDescriptor.resolveCandidate(DependencyDescriptor.java:251) ~[spring-beans-5.0.2.RELEASE.jar:5.0.2.RELEASE]
	at org.springframework.beans.factory.support.DefaultListableBeanFactory.doResolveDependency(DefaultListableBeanFactory.java:1135) ~[spring-beans-5.0.2.RELEASE.jar:5.0.2.RELEASE]
	at org.springframework.beans.factory.support.DefaultListableBeanFactory.resolveDependency(DefaultListableBeanFactory.java:1062) ~[spring-beans-5.0.2.RELEASE.jar:5.0.2.RELEASE]
	at org.springframework.beans.factory.support.ConstructorResolver.resolveAutowiredArgument(ConstructorResolver.java:815) [spring-beans-5.0.2.RELEASE.jar:5.0.2.RELEASE]
	at org.springframework.beans.factory.support.ConstructorResolver.createArgumentArray(ConstructorResolver.java:721) [spring-beans-5.0.2.RELEASE.jar:5.0.2.RELEASE]
	at org.springframework.beans.factory.support.ConstructorResolver.instantiateUsingFactoryMethod(ConstructorResolver.java:470) [spring-beans-5.0.2.RELEASE.jar:5.0.2.RELEASE]
	at org.springframework.beans.factory.support.AbstractAutowireCapableBeanFactory.instantiateUsingFactoryMethod(AbstractAutowireCapableBeanFactory.java:1250) [spring-beans-5.0.2.RELEASE.jar:5.0.2.RELEASE]
	at org.springframework.beans.factory.support.AbstractAutowireCapableBeanFactory.createBeanInstance(AbstractAutowireCapableBeanFactory.java:1099) [spring-beans-5.0.2.RELEASE.jar:5.0.2.RELEASE]
	at org.springframework.beans.factory.support.AbstractAutowireCapableBeanFactory.doCreateBean(AbstractAutowireCapableBeanFactory.java:545) [spring-beans-5.0.2.RELEASE.jar:5.0.2.RELEASE]
	at org.springframework.beans.factory.support.AbstractAutowireCapableBeanFactory.createBean(AbstractAutowireCapableBeanFactory.java:502) [spring-beans-5.0.2.RELEASE.jar:5.0.2.RELEASE]
	at org.springframework.beans.factory.support.AbstractBeanFactory.lambda$doGetBean$0(AbstractBeanFactory.java:312) [spring-beans-5.0.2.RELEASE.jar:5.0.2.RELEASE]
	at org.springframework.beans.factory.support.DefaultSingletonBeanRegistry.getSingleton(DefaultSingletonBeanRegistry.java:228) ~[spring-beans-5.0.2.RELEASE.jar:5.0.2.RELEASE]
	at org.springframework.beans.factory.support.AbstractBeanFactory.doGetBean(AbstractBeanFactory.java:310) [spring-beans-5.0.2.RELEASE.jar:5.0.2.RELEASE]
	at org.springframework.beans.factory.support.AbstractBeanFactory.getBean(AbstractBeanFactory.java:200) [spring-beans-5.0.2.RELEASE.jar:5.0.2.RELEASE]
	at org.springframework.beans.factory.config.DependencyDescriptor.resolveCandidate(DependencyDescriptor.java:251) ~[spring-beans-5.0.2.RELEASE.jar:5.0.2.RELEASE]
	at org.springframework.beans.factory.support.DefaultListableBeanFactory.doResolveDependency(DefaultListableBeanFactory.java:1135) ~[spring-beans-5.0.2.RELEASE.jar:5.0.2.RELEASE]
	at org.springframework.beans.factory.support.DefaultListableBeanFactory.resolveDependency(DefaultListableBeanFactory.java:1062) ~[spring-beans-5.0.2.RELEASE.jar:5.0.2.RELEASE]
	at org.springframework.beans.factory.support.ConstructorResolver.resolveAutowiredArgument(ConstructorResolver.java:815) [spring-beans-5.0.2.RELEASE.jar:5.0.2.RELEASE]
	at org.springframework.beans.factory.support.ConstructorResolver.createArgumentArray(ConstructorResolver.java:721) [spring-beans-5.0.2.RELEASE.jar:5.0.2.RELEASE]
	at org.springframework.beans.factory.support.ConstructorResolver.instantiateUsingFactoryMethod(ConstructorResolver.java:470) [spring-beans-5.0.2.RELEASE.jar:5.0.2.RELEASE]
	at org.springframework.beans.factory.support.AbstractAutowireCapableBeanFactory.instantiateUsingFactoryMethod(AbstractAutowireCapableBeanFactory.java:1250) [spring-beans-5.0.2.RELEASE.jar:5.0.2.RELEASE]
	at org.springframework.beans.factory.support.AbstractAutowireCapableBeanFactory.createBeanInstance(AbstractAutowireCapableBeanFactory.java:1099) [spring-beans-5.0.2.RELEASE.jar:5.0.2.RELEASE]
	at org.springframework.beans.factory.support.AbstractAutowireCapableBeanFactory.doCreateBean(AbstractAutowireCapableBeanFactory.java:545) [spring-beans-5.0.2.RELEASE.jar:5.0.2.RELEASE]
	at org.springframework.beans.factory.support.AbstractAutowireCapableBeanFactory.createBean(AbstractAutowireCapableBeanFactory.java:502) [spring-beans-5.0.2.RELEASE.jar:5.0.2.RELEASE]
	at org.springframework.beans.factory.support.AbstractBeanFactory.lambda$doGetBean$0(AbstractBeanFactory.java:312) [spring-beans-5.0.2.RELEASE.jar:5.0.2.RELEASE]
	at org.springframework.beans.factory.support.DefaultSingletonBeanRegistry.getSingleton(DefaultSingletonBeanRegistry.java:228) ~[spring-beans-5.0.2.RELEASE.jar:5.0.2.RELEASE]
	at org.springframework.beans.factory.support.AbstractBeanFactory.doGetBean(AbstractBeanFactory.java:310) [spring-beans-5.0.2.RELEASE.jar:5.0.2.RELEASE]
	at org.springframework.beans.factory.support.AbstractBeanFactory.getBean(AbstractBeanFactory.java:200) [spring-beans-5.0.2.RELEASE.jar:5.0.2.RELEASE]
	at org.springframework.context.support.AbstractApplicationContext.getBean(AbstractApplicationContext.java:1085) ~[spring-context-5.0.2.RELEASE.jar:5.0.2.RELEASE]
	at org.springframework.context.support.AbstractApplicationContext.finishBeanFactoryInitialization(AbstractApplicationContext.java:858) ~[spring-context-5.0.2.RELEASE.jar:5.0.2.RELEASE]
	at org.springframework.context.support.AbstractApplicationContext.refresh(AbstractApplicationContext.java:549) ~[spring-context-5.0.2.RELEASE.jar:5.0.2.RELEASE]
	at org.springframework.boot.web.servlet.context.ServletWebServerApplicationContext.refresh(ServletWebServerApplicationContext.java:138) ~[spring-boot-2.0.0.M7.jar:2.0.0.M7]
	at org.springframework.boot.SpringApplication.refresh(SpringApplication.java:751) ~[spring-boot-2.0.0.M7.jar:2.0.0.M7]
	at org.springframework.boot.SpringApplication.refreshContext(SpringApplication.java:387) ~[spring-boot-2.0.0.M7.jar:2.0.0.M7]
	at org.springframework.boot.SpringApplication.run(SpringApplication.java:327) ~[spring-boot-2.0.0.M7.jar:2.0.0.M7]
	at org.springframework.boot.SpringApplication.run(SpringApplication.java:1245) ~[spring-boot-2.0.0.M7.jar:2.0.0.M7]
	at org.springframework.boot.SpringApplication.run(SpringApplication.java:1233) ~[spring-boot-2.0.0.M7.jar:2.0.0.M7]
	at com.fps.RmsApplication.main(RmsApplication.java:13) ~[classes/:na]
Caused by: oracle.net.ns.NetException: The Network Adapter could not establish the connection
	at oracle.net.nt.ConnStrategy.execute(ConnStrategy.java:523) ~[ojdbc8-12.2.0.jar:12.2.0.1.0]
	at oracle.net.resolver.AddrResolution.resolveAndExecute(AddrResolution.java:521) ~[ojdbc8-12.2.0.jar:12.2.0.1.0]
	at oracle.net.ns.NSProtocol.establishConnection(NSProtocol.java:660) ~[ojdbc8-12.2.0.jar:12.2.0.1.0]
	at oracle.net.ns.NSProtocol.connect(NSProtocol.java:286) ~[ojdbc8-12.2.0.jar:12.2.0.1.0]
	at oracle.jdbc.driver.T4CConnection.connect(T4CConnection.java:1438) ~[ojdbc8-12.2.0.jar:12.2.0.1.0]
	at oracle.jdbc.driver.T4CConnection.logon(T4CConnection.java:518) ~[ojdbc8-12.2.0.jar:12.2.0.1.0]
	... 76 common frames omitted
Caused by: java.io.IOException: Connection timed out: connect, socket connect lapse 21006 ms. /192.168.56.103 1521 30000 1 true
	at oracle.net.nt.TcpNTAdapter.connect(TcpNTAdapter.java:209) ~[ojdbc8-12.2.0.jar:12.2.0.1.0]
	at oracle.net.nt.ConnOption.connect(ConnOption.java:161) ~[ojdbc8-12.2.0.jar:12.2.0.1.0]
	at oracle.net.nt.ConnStrategy.execute(ConnStrategy.java:470) ~[ojdbc8-12.2.0.jar:12.2.0.1.0]
	... 81 common frames omitted
Caused by: java.net.ConnectException: Connection timed out: connect
	at sun.nio.ch.Net.connect0(Native Method) ~[na:1.8.0_144]
	at sun.nio.ch.Net.connect(Net.java:454) ~[na:1.8.0_144]
	at sun.nio.ch.Net.connect(Net.java:446) ~[na:1.8.0_144]
	at sun.nio.ch.SocketChannelImpl.connect(SocketChannelImpl.java:648) ~[na:1.8.0_144]
	at java.nio.channels.SocketChannel.open(SocketChannel.java:189) ~[na:1.8.0_144]
	at oracle.net.nt.TimeoutSocketChannel.<init>(TimeoutSocketChannel.java:81) ~[ojdbc8-12.2.0.jar:12.2.0.1.0]
	at oracle.net.nt.TcpNTAdapter.connect(TcpNTAdapter.java:169) ~[ojdbc8-12.2.0.jar:12.2.0.1.0]
	... 83 common frames omitted

2018-02-09 09:02:57.565  WARN 19640 --- [main] o.s.b.a.orm.jpa.DatabaseLookup           : Unable to determine jdbc url from datasource

org.springframework.jdbc.support.MetaDataAccessException: Could not get Connection for extracting meta data; nested exception is org.springframework.jdbc.CannotGetJdbcConnectionException: Failed to obtain JDBC Connection; nested exception is java.sql.SQLRecoverableException: IO Error: The Network Adapter could not establish the connection
	at org.springframework.jdbc.support.JdbcUtils.extractDatabaseMetaData(JdbcUtils.java:328) ~[spring-jdbc-5.0.2.RELEASE.jar:5.0.2.RELEASE]
	at org.springframework.jdbc.support.JdbcUtils.extractDatabaseMetaData(JdbcUtils.java:356) ~[spring-jdbc-5.0.2.RELEASE.jar:5.0.2.RELEASE]
	at org.springframework.boot.autoconfigure.orm.jpa.DatabaseLookup.getDatabase(DatabaseLookup.java:72) ~[spring-boot-autoconfigure-2.0.0.M7.jar:2.0.0.M7]
	at org.springframework.boot.autoconfigure.orm.jpa.JpaProperties.determineDatabase(JpaProperties.java:166) [spring-boot-autoconfigure-2.0.0.M7.jar:2.0.0.M7]
	at org.springframework.boot.autoconfigure.orm.jpa.JpaBaseConfiguration.jpaVendorAdapter(JpaBaseConfiguration.java:109) [spring-boot-autoconfigure-2.0.0.M7.jar:2.0.0.M7]
	at org.springframework.boot.autoconfigure.orm.jpa.HibernateJpaConfiguration$$EnhancerBySpringCGLIB$$67a9355.CGLIB$jpaVendorAdapter$4(<generated>) [spring-boot-autoconfigure-2.0.0.M7.jar:2.0.0.M7]
	at org.springframework.boot.autoconfigure.orm.jpa.HibernateJpaConfiguration$$EnhancerBySpringCGLIB$$67a9355$$FastClassBySpringCGLIB$$c17c996b.invoke(<generated>) [spring-boot-autoconfigure-2.0.0.M7.jar:2.0.0.M7]
	at org.springframework.cglib.proxy.MethodProxy.invokeSuper(MethodProxy.java:228) [spring-core-5.0.2.RELEASE.jar:5.0.2.RELEASE]
	at org.springframework.context.annotation.ConfigurationClassEnhancer$BeanMethodInterceptor.intercept(ConfigurationClassEnhancer.java:361) [spring-context-5.0.2.RELEASE.jar:5.0.2.RELEASE]
	at org.springframework.boot.autoconfigure.orm.jpa.HibernateJpaConfiguration$$EnhancerBySpringCGLIB$$67a9355.jpaVendorAdapter(<generated>) [spring-boot-autoconfigure-2.0.0.M7.jar:2.0.0.M7]
	at sun.reflect.NativeMethodAccessorImpl.invoke0(Native Method) ~[na:1.8.0_144]
	at sun.reflect.NativeMethodAccessorImpl.invoke(NativeMethodAccessorImpl.java:62) ~[na:1.8.0_144]
	at sun.reflect.DelegatingMethodAccessorImpl.invoke(DelegatingMethodAccessorImpl.java:43) ~[na:1.8.0_144]
	at java.lang.reflect.Method.invoke(Method.java:498) ~[na:1.8.0_144]
	at org.springframework.beans.factory.support.SimpleInstantiationStrategy.instantiate(SimpleInstantiationStrategy.java:154) [spring-beans-5.0.2.RELEASE.jar:5.0.2.RELEASE]
	at org.springframework.beans.factory.support.ConstructorResolver.instantiateUsingFactoryMethod(ConstructorResolver.java:579) [spring-beans-5.0.2.RELEASE.jar:5.0.2.RELEASE]
	at org.springframework.beans.factory.support.AbstractAutowireCapableBeanFactory.instantiateUsingFactoryMethod(AbstractAutowireCapableBeanFactory.java:1250) [spring-beans-5.0.2.RELEASE.jar:5.0.2.RELEASE]
	at org.springframework.beans.factory.support.AbstractAutowireCapableBeanFactory.createBeanInstance(AbstractAutowireCapableBeanFactory.java:1099) [spring-beans-5.0.2.RELEASE.jar:5.0.2.RELEASE]
	at org.springframework.beans.factory.support.AbstractAutowireCapableBeanFactory.doCreateBean(AbstractAutowireCapableBeanFactory.java:545) [spring-beans-5.0.2.RELEASE.jar:5.0.2.RELEASE]
	at org.springframework.beans.factory.support.AbstractAutowireCapableBeanFactory.createBean(AbstractAutowireCapableBeanFactory.java:502) [spring-beans-5.0.2.RELEASE.jar:5.0.2.RELEASE]
	at org.springframework.beans.factory.support.AbstractBeanFactory.lambda$doGetBean$0(AbstractBeanFactory.java:312) [spring-beans-5.0.2.RELEASE.jar:5.0.2.RELEASE]
	at org.springframework.beans.factory.support.DefaultSingletonBeanRegistry.getSingleton(DefaultSingletonBeanRegistry.java:228) ~[spring-beans-5.0.2.RELEASE.jar:5.0.2.RELEASE]
	at org.springframework.beans.factory.support.AbstractBeanFactory.doGetBean(AbstractBeanFactory.java:310) [spring-beans-5.0.2.RELEASE.jar:5.0.2.RELEASE]
	at org.springframework.beans.factory.support.AbstractBeanFactory.getBean(AbstractBeanFactory.java:200) [spring-beans-5.0.2.RELEASE.jar:5.0.2.RELEASE]
	at org.springframework.beans.factory.config.DependencyDescriptor.resolveCandidate(DependencyDescriptor.java:251) ~[spring-beans-5.0.2.RELEASE.jar:5.0.2.RELEASE]
	at org.springframework.beans.factory.support.DefaultListableBeanFactory.doResolveDependency(DefaultListableBeanFactory.java:1135) ~[spring-beans-5.0.2.RELEASE.jar:5.0.2.RELEASE]
	at org.springframework.beans.factory.support.DefaultListableBeanFactory.resolveDependency(DefaultListableBeanFactory.java:1062) ~[spring-beans-5.0.2.RELEASE.jar:5.0.2.RELEASE]
	at org.springframework.beans.factory.support.ConstructorResolver.resolveAutowiredArgument(ConstructorResolver.java:815) [spring-beans-5.0.2.RELEASE.jar:5.0.2.RELEASE]
	at org.springframework.beans.factory.support.ConstructorResolver.createArgumentArray(ConstructorResolver.java:721) [spring-beans-5.0.2.RELEASE.jar:5.0.2.RELEASE]
	at org.springframework.beans.factory.support.ConstructorResolver.instantiateUsingFactoryMethod(ConstructorResolver.java:470) [spring-beans-5.0.2.RELEASE.jar:5.0.2.RELEASE]
	at org.springframework.beans.factory.support.AbstractAutowireCapableBeanFactory.instantiateUsingFactoryMethod(AbstractAutowireCapableBeanFactory.java:1250) [spring-beans-5.0.2.RELEASE.jar:5.0.2.RELEASE]
	at org.springframework.beans.factory.support.AbstractAutowireCapableBeanFactory.createBeanInstance(AbstractAutowireCapableBeanFactory.java:1099) [spring-beans-5.0.2.RELEASE.jar:5.0.2.RELEASE]
	at org.springframework.beans.factory.support.AbstractAutowireCapableBeanFactory.doCreateBean(AbstractAutowireCapableBeanFactory.java:545) [spring-beans-5.0.2.RELEASE.jar:5.0.2.RELEASE]
	at org.springframework.beans.factory.support.AbstractAutowireCapableBeanFactory.createBean(AbstractAutowireCapableBeanFactory.java:502) [spring-beans-5.0.2.RELEASE.jar:5.0.2.RELEASE]
	at org.springframework.beans.factory.support.AbstractBeanFactory.lambda$doGetBean$0(AbstractBeanFactory.java:312) [spring-beans-5.0.2.RELEASE.jar:5.0.2.RELEASE]
	at org.springframework.beans.factory.support.DefaultSingletonBeanRegistry.getSingleton(DefaultSingletonBeanRegistry.java:228) ~[spring-beans-5.0.2.RELEASE.jar:5.0.2.RELEASE]
	at org.springframework.beans.factory.support.AbstractBeanFactory.doGetBean(AbstractBeanFactory.java:310) [spring-beans-5.0.2.RELEASE.jar:5.0.2.RELEASE]
	at org.springframework.beans.factory.support.AbstractBeanFactory.getBean(AbstractBeanFactory.java:200) [spring-beans-5.0.2.RELEASE.jar:5.0.2.RELEASE]
	at org.springframework.beans.factory.config.DependencyDescriptor.resolveCandidate(DependencyDescriptor.java:251) ~[spring-beans-5.0.2.RELEASE.jar:5.0.2.RELEASE]
	at org.springframework.beans.factory.support.DefaultListableBeanFactory.doResolveDependency(DefaultListableBeanFactory.java:1135) ~[spring-beans-5.0.2.RELEASE.jar:5.0.2.RELEASE]
	at org.springframework.beans.factory.support.DefaultListableBeanFactory.resolveDependency(DefaultListableBeanFactory.java:1062) ~[spring-beans-5.0.2.RELEASE.jar:5.0.2.RELEASE]
	at org.springframework.beans.factory.support.ConstructorResolver.resolveAutowiredArgument(ConstructorResolver.java:815) [spring-beans-5.0.2.RELEASE.jar:5.0.2.RELEASE]
	at org.springframework.beans.factory.support.ConstructorResolver.createArgumentArray(ConstructorResolver.java:721) [spring-beans-5.0.2.RELEASE.jar:5.0.2.RELEASE]
	at org.springframework.beans.factory.support.ConstructorResolver.instantiateUsingFactoryMethod(ConstructorResolver.java:470) [spring-beans-5.0.2.RELEASE.jar:5.0.2.RELEASE]
	at org.springframework.beans.factory.support.AbstractAutowireCapableBeanFactory.instantiateUsingFactoryMethod(AbstractAutowireCapableBeanFactory.java:1250) [spring-beans-5.0.2.RELEASE.jar:5.0.2.RELEASE]
	at org.springframework.beans.factory.support.AbstractAutowireCapableBeanFactory.createBeanInstance(AbstractAutowireCapableBeanFactory.java:1099) [spring-beans-5.0.2.RELEASE.jar:5.0.2.RELEASE]
	at org.springframework.beans.factory.support.AbstractAutowireCapableBeanFactory.doCreateBean(AbstractAutowireCapableBeanFactory.java:545) [spring-beans-5.0.2.RELEASE.jar:5.0.2.RELEASE]
	at org.springframework.beans.factory.support.AbstractAutowireCapableBeanFactory.createBean(AbstractAutowireCapableBeanFactory.java:502) [spring-beans-5.0.2.RELEASE.jar:5.0.2.RELEASE]
	at org.springframework.beans.factory.support.AbstractBeanFactory.lambda$doGetBean$0(AbstractBeanFactory.java:312) [spring-beans-5.0.2.RELEASE.jar:5.0.2.RELEASE]
	at org.springframework.beans.factory.support.DefaultSingletonBeanRegistry.getSingleton(DefaultSingletonBeanRegistry.java:228) ~[spring-beans-5.0.2.RELEASE.jar:5.0.2.RELEASE]
	at org.springframework.beans.factory.support.AbstractBeanFactory.doGetBean(AbstractBeanFactory.java:310) [spring-beans-5.0.2.RELEASE.jar:5.0.2.RELEASE]
	at org.springframework.beans.factory.support.AbstractBeanFactory.getBean(AbstractBeanFactory.java:200) [spring-beans-5.0.2.RELEASE.jar:5.0.2.RELEASE]
	at org.springframework.context.support.AbstractApplicationContext.getBean(AbstractApplicationContext.java:1085) ~[spring-context-5.0.2.RELEASE.jar:5.0.2.RELEASE]
	at org.springframework.context.support.AbstractApplicationContext.finishBeanFactoryInitialization(AbstractApplicationContext.java:858) ~[spring-context-5.0.2.RELEASE.jar:5.0.2.RELEASE]
	at org.springframework.context.support.AbstractApplicationContext.refresh(AbstractApplicationContext.java:549) ~[spring-context-5.0.2.RELEASE.jar:5.0.2.RELEASE]
	at org.springframework.boot.web.servlet.context.ServletWebServerApplicationContext.refresh(ServletWebServerApplicationContext.java:138) ~[spring-boot-2.0.0.M7.jar:2.0.0.M7]
	at org.springframework.boot.SpringApplication.refresh(SpringApplication.java:751) ~[spring-boot-2.0.0.M7.jar:2.0.0.M7]
	at org.springframework.boot.SpringApplication.refreshContext(SpringApplication.java:387) ~[spring-boot-2.0.0.M7.jar:2.0.0.M7]
	at org.springframework.boot.SpringApplication.run(SpringApplication.java:327) ~[spring-boot-2.0.0.M7.jar:2.0.0.M7]
	at org.springframework.boot.SpringApplication.run(SpringApplication.java:1245) ~[spring-boot-2.0.0.M7.jar:2.0.0.M7]
	at org.springframework.boot.SpringApplication.run(SpringApplication.java:1233) ~[spring-boot-2.0.0.M7.jar:2.0.0.M7]
	at com.fps.RmsApplication.main(RmsApplication.java:13) ~[classes/:na]
Caused by: org.springframework.jdbc.CannotGetJdbcConnectionException: Failed to obtain JDBC Connection; nested exception is java.sql.SQLRecoverableException: IO Error: The Network Adapter could not establish the connection
	at org.springframework.jdbc.datasource.DataSourceUtils.getConnection(DataSourceUtils.java:81) ~[spring-jdbc-5.0.2.RELEASE.jar:5.0.2.RELEASE]
	at org.springframework.jdbc.support.JdbcUtils.extractDatabaseMetaData(JdbcUtils.java:319) ~[spring-jdbc-5.0.2.RELEASE.jar:5.0.2.RELEASE]
	... 61 common frames omitted
Caused by: java.sql.SQLRecoverableException: IO Error: The Network Adapter could not establish the connection
	at oracle.jdbc.driver.T4CConnection.logon(T4CConnection.java:774) ~[ojdbc8-12.2.0.jar:12.2.0.1.0]
	at oracle.jdbc.driver.PhysicalConnection.connect(PhysicalConnection.java:688) ~[ojdbc8-12.2.0.jar:12.2.0.1.0]
	at oracle.jdbc.driver.T4CDriverExtension.getConnection(T4CDriverExtension.java:39) ~[ojdbc8-12.2.0.jar:12.2.0.1.0]
	at oracle.jdbc.driver.OracleDriver.connect(OracleDriver.java:691) ~[ojdbc8-12.2.0.jar:12.2.0.1.0]
	at com.zaxxer.hikari.util.DriverDataSource.getConnection(DriverDataSource.java:117) ~[HikariCP-2.7.4.jar:na]
	at com.zaxxer.hikari.util.DriverDataSource.getConnection(DriverDataSource.java:123) ~[HikariCP-2.7.4.jar:na]
	at com.zaxxer.hikari.pool.PoolBase.newConnection(PoolBase.java:375) ~[HikariCP-2.7.4.jar:na]
	at com.zaxxer.hikari.pool.PoolBase.newPoolEntry(PoolBase.java:204) ~[HikariCP-2.7.4.jar:na]
	at com.zaxxer.hikari.pool.HikariPool.createPoolEntry(HikariPool.java:459) ~[HikariCP-2.7.4.jar:na]
	at com.zaxxer.hikari.pool.HikariPool.checkFailFast(HikariPool.java:533) ~[HikariCP-2.7.4.jar:na]
	at com.zaxxer.hikari.pool.HikariPool.<init>(HikariPool.java:114) ~[HikariCP-2.7.4.jar:na]
	at com.zaxxer.hikari.HikariDataSource.getConnection(HikariDataSource.java:97) ~[HikariCP-2.7.4.jar:na]
	at org.springframework.jdbc.datasource.DataSourceUtils.fetchConnection(DataSourceUtils.java:151) ~[spring-jdbc-5.0.2.RELEASE.jar:5.0.2.RELEASE]
	at org.springframework.jdbc.datasource.DataSourceUtils.doGetConnection(DataSourceUtils.java:115) ~[spring-jdbc-5.0.2.RELEASE.jar:5.0.2.RELEASE]
	at org.springframework.jdbc.datasource.DataSourceUtils.getConnection(DataSourceUtils.java:78) ~[spring-jdbc-5.0.2.RELEASE.jar:5.0.2.RELEASE]
	... 62 common frames omitted
Caused by: oracle.net.ns.NetException: The Network Adapter could not establish the connection
	at oracle.net.nt.ConnStrategy.execute(ConnStrategy.java:523) ~[ojdbc8-12.2.0.jar:12.2.0.1.0]
	at oracle.net.resolver.AddrResolution.resolveAndExecute(AddrResolution.java:521) ~[ojdbc8-12.2.0.jar:12.2.0.1.0]
	at oracle.net.ns.NSProtocol.establishConnection(NSProtocol.java:660) ~[ojdbc8-12.2.0.jar:12.2.0.1.0]
	at oracle.net.ns.NSProtocol.connect(NSProtocol.java:286) ~[ojdbc8-12.2.0.jar:12.2.0.1.0]
	at oracle.jdbc.driver.T4CConnection.connect(T4CConnection.java:1438) ~[ojdbc8-12.2.0.jar:12.2.0.1.0]
	at oracle.jdbc.driver.T4CConnection.logon(T4CConnection.java:518) ~[ojdbc8-12.2.0.jar:12.2.0.1.0]
	... 76 common frames omitted
Caused by: java.io.IOException: Connection timed out: connect, socket connect lapse 21006 ms. /192.168.56.103 1521 30000 1 true
	at oracle.net.nt.TcpNTAdapter.connect(TcpNTAdapter.java:209) ~[ojdbc8-12.2.0.jar:12.2.0.1.0]
	at oracle.net.nt.ConnOption.connect(ConnOption.java:161) ~[ojdbc8-12.2.0.jar:12.2.0.1.0]
	at oracle.net.nt.ConnStrategy.execute(ConnStrategy.java:470) ~[ojdbc8-12.2.0.jar:12.2.0.1.0]
	... 81 common frames omitted
Caused by: java.net.ConnectException: Connection timed out: connect
	at sun.nio.ch.Net.connect0(Native Method) ~[na:1.8.0_144]
	at sun.nio.ch.Net.connect(Net.java:454) ~[na:1.8.0_144]
	at sun.nio.ch.Net.connect(Net.java:446) ~[na:1.8.0_144]
	at sun.nio.ch.SocketChannelImpl.connect(SocketChannelImpl.java:648) ~[na:1.8.0_144]
	at java.nio.channels.SocketChannel.open(SocketChannel.java:189) ~[na:1.8.0_144]
	at oracle.net.nt.TimeoutSocketChannel.<init>(TimeoutSocketChannel.java:81) ~[ojdbc8-12.2.0.jar:12.2.0.1.0]
	at oracle.net.nt.TcpNTAdapter.connect(TcpNTAdapter.java:169) ~[ojdbc8-12.2.0.jar:12.2.0.1.0]
	... 83 common frames omitted

2018-02-09 09:02:57.580  INFO 19640 --- [main] com.zaxxer.hikari.HikariDataSource       : testdb - Starting...
2018-02-09 09:03:40.596 ERROR 19640 --- [main] com.zaxxer.hikari.pool.HikariPool        : testdb - Exception during pool initialization.

java.sql.SQLRecoverableException: IO Error: The Network Adapter could not establish the connection
	at oracle.jdbc.driver.T4CConnection.logon(T4CConnection.java:774) ~[ojdbc8-12.2.0.jar:12.2.0.1.0]
	at oracle.jdbc.driver.PhysicalConnection.connect(PhysicalConnection.java:688) ~[ojdbc8-12.2.0.jar:12.2.0.1.0]
	at oracle.jdbc.driver.T4CDriverExtension.getConnection(T4CDriverExtension.java:39) ~[ojdbc8-12.2.0.jar:12.2.0.1.0]
	at oracle.jdbc.driver.OracleDriver.connect(OracleDriver.java:691) ~[ojdbc8-12.2.0.jar:12.2.0.1.0]
	at com.zaxxer.hikari.util.DriverDataSource.getConnection(DriverDataSource.java:117) ~[HikariCP-2.7.4.jar:na]
	at com.zaxxer.hikari.util.DriverDataSource.getConnection(DriverDataSource.java:123) ~[HikariCP-2.7.4.jar:na]
	at com.zaxxer.hikari.pool.PoolBase.newConnection(PoolBase.java:375) ~[HikariCP-2.7.4.jar:na]
	at com.zaxxer.hikari.pool.PoolBase.newPoolEntry(PoolBase.java:204) ~[HikariCP-2.7.4.jar:na]
	at com.zaxxer.hikari.pool.HikariPool.createPoolEntry(HikariPool.java:459) [HikariCP-2.7.4.jar:na]
	at com.zaxxer.hikari.pool.HikariPool.checkFailFast(HikariPool.java:533) [HikariCP-2.7.4.jar:na]
	at com.zaxxer.hikari.pool.HikariPool.<init>(HikariPool.java:114) [HikariCP-2.7.4.jar:na]
	at com.zaxxer.hikari.HikariDataSource.getConnection(HikariDataSource.java:97) [HikariCP-2.7.4.jar:na]
	at org.springframework.jdbc.datasource.DataSourceUtils.fetchConnection(DataSourceUtils.java:151) [spring-jdbc-5.0.2.RELEASE.jar:5.0.2.RELEASE]
	at org.springframework.jdbc.datasource.DataSourceUtils.doGetConnection(DataSourceUtils.java:115) [spring-jdbc-5.0.2.RELEASE.jar:5.0.2.RELEASE]
	at org.springframework.jdbc.datasource.DataSourceUtils.getConnection(DataSourceUtils.java:78) [spring-jdbc-5.0.2.RELEASE.jar:5.0.2.RELEASE]
	at org.springframework.jdbc.core.JdbcTemplate.execute(JdbcTemplate.java:324) [spring-jdbc-5.0.2.RELEASE.jar:5.0.2.RELEASE]
	at org.springframework.boot.jdbc.EmbeddedDatabaseConnection.isEmbedded(EmbeddedDatabaseConnection.java:132) [spring-boot-2.0.0.M7.jar:2.0.0.M7]
	at org.springframework.boot.autoconfigure.orm.jpa.HibernateDefaultDdlAutoProvider.getDefaultDdlAuto(HibernateDefaultDdlAutoProvider.java:42) [spring-boot-autoconfigure-2.0.0.M7.jar:2.0.0.M7]
	at org.springframework.boot.autoconfigure.orm.jpa.HibernateJpaConfiguration.getVendorProperties(HibernateJpaConfiguration.java:116) [spring-boot-autoconfigure-2.0.0.M7.jar:2.0.0.M7]
	at org.springframework.boot.autoconfigure.orm.jpa.JpaBaseConfiguration.entityManagerFactory(JpaBaseConfiguration.java:133) [spring-boot-autoconfigure-2.0.0.M7.jar:2.0.0.M7]
	at org.springframework.boot.autoconfigure.orm.jpa.HibernateJpaConfiguration$$EnhancerBySpringCGLIB$$67a9355.CGLIB$entityManagerFactory$6(<generated>) [spring-boot-autoconfigure-2.0.0.M7.jar:2.0.0.M7]
	at org.springframework.boot.autoconfigure.orm.jpa.HibernateJpaConfiguration$$EnhancerBySpringCGLIB$$67a9355$$FastClassBySpringCGLIB$$c17c996b.invoke(<generated>) [spring-boot-autoconfigure-2.0.0.M7.jar:2.0.0.M7]
	at org.springframework.cglib.proxy.MethodProxy.invokeSuper(MethodProxy.java:228) [spring-core-5.0.2.RELEASE.jar:5.0.2.RELEASE]
	at org.springframework.context.annotation.ConfigurationClassEnhancer$BeanMethodInterceptor.intercept(ConfigurationClassEnhancer.java:361) [spring-context-5.0.2.RELEASE.jar:5.0.2.RELEASE]
	at org.springframework.boot.autoconfigure.orm.jpa.HibernateJpaConfiguration$$EnhancerBySpringCGLIB$$67a9355.entityManagerFactory(<generated>) [spring-boot-autoconfigure-2.0.0.M7.jar:2.0.0.M7]
	at sun.reflect.NativeMethodAccessorImpl.invoke0(Native Method) ~[na:1.8.0_144]
	at sun.reflect.NativeMethodAccessorImpl.invoke(NativeMethodAccessorImpl.java:62) ~[na:1.8.0_144]
	at sun.reflect.DelegatingMethodAccessorImpl.invoke(DelegatingMethodAccessorImpl.java:43) ~[na:1.8.0_144]
	at java.lang.reflect.Method.invoke(Method.java:498) ~[na:1.8.0_144]
	at org.springframework.beans.factory.support.SimpleInstantiationStrategy.instantiate(SimpleInstantiationStrategy.java:154) [spring-beans-5.0.2.RELEASE.jar:5.0.2.RELEASE]
	at org.springframework.beans.factory.support.ConstructorResolver.instantiateUsingFactoryMethod(ConstructorResolver.java:579) [spring-beans-5.0.2.RELEASE.jar:5.0.2.RELEASE]
	at org.springframework.beans.factory.support.AbstractAutowireCapableBeanFactory.instantiateUsingFactoryMethod(AbstractAutowireCapableBeanFactory.java:1250) [spring-beans-5.0.2.RELEASE.jar:5.0.2.RELEASE]
	at org.springframework.beans.factory.support.AbstractAutowireCapableBeanFactory.createBeanInstance(AbstractAutowireCapableBeanFactory.java:1099) [spring-beans-5.0.2.RELEASE.jar:5.0.2.RELEASE]
	at org.springframework.beans.factory.support.AbstractAutowireCapableBeanFactory.doCreateBean(AbstractAutowireCapableBeanFactory.java:545) [spring-beans-5.0.2.RELEASE.jar:5.0.2.RELEASE]
	at org.springframework.beans.factory.support.AbstractAutowireCapableBeanFactory.createBean(AbstractAutowireCapableBeanFactory.java:502) [spring-beans-5.0.2.RELEASE.jar:5.0.2.RELEASE]
	at org.springframework.beans.factory.support.AbstractBeanFactory.lambda$doGetBean$0(AbstractBeanFactory.java:312) [spring-beans-5.0.2.RELEASE.jar:5.0.2.RELEASE]
	at org.springframework.beans.factory.support.DefaultSingletonBeanRegistry.getSingleton(DefaultSingletonBeanRegistry.java:228) ~[spring-beans-5.0.2.RELEASE.jar:5.0.2.RELEASE]
	at org.springframework.beans.factory.support.AbstractBeanFactory.doGetBean(AbstractBeanFactory.java:310) [spring-beans-5.0.2.RELEASE.jar:5.0.2.RELEASE]
	at org.springframework.beans.factory.support.AbstractBeanFactory.getBean(AbstractBeanFactory.java:200) [spring-beans-5.0.2.RELEASE.jar:5.0.2.RELEASE]
	at org.springframework.context.support.AbstractApplicationContext.getBean(AbstractApplicationContext.java:1085) ~[spring-context-5.0.2.RELEASE.jar:5.0.2.RELEASE]
	at org.springframework.context.support.AbstractApplicationContext.finishBeanFactoryInitialization(AbstractApplicationContext.java:858) ~[spring-context-5.0.2.RELEASE.jar:5.0.2.RELEASE]
	at org.springframework.context.support.AbstractApplicationContext.refresh(AbstractApplicationContext.java:549) ~[spring-context-5.0.2.RELEASE.jar:5.0.2.RELEASE]
	at org.springframework.boot.web.servlet.context.ServletWebServerApplicationContext.refresh(ServletWebServerApplicationContext.java:138) ~[spring-boot-2.0.0.M7.jar:2.0.0.M7]
	at org.springframework.boot.SpringApplication.refresh(SpringApplication.java:751) ~[spring-boot-2.0.0.M7.jar:2.0.0.M7]
	at org.springframework.boot.SpringApplication.refreshContext(SpringApplication.java:387) ~[spring-boot-2.0.0.M7.jar:2.0.0.M7]
	at org.springframework.boot.SpringApplication.run(SpringApplication.java:327) ~[spring-boot-2.0.0.M7.jar:2.0.0.M7]
	at org.springframework.boot.SpringApplication.run(SpringApplication.java:1245) ~[spring-boot-2.0.0.M7.jar:2.0.0.M7]
	at org.springframework.boot.SpringApplication.run(SpringApplication.java:1233) ~[spring-boot-2.0.0.M7.jar:2.0.0.M7]
	at com.fps.RmsApplication.main(RmsApplication.java:13) ~[classes/:na]
Caused by: oracle.net.ns.NetException: The Network Adapter could not establish the connection
	at oracle.net.nt.ConnStrategy.execute(ConnStrategy.java:523) ~[ojdbc8-12.2.0.jar:12.2.0.1.0]
	at oracle.net.resolver.AddrResolution.resolveAndExecute(AddrResolution.java:521) ~[ojdbc8-12.2.0.jar:12.2.0.1.0]
	at oracle.net.ns.NSProtocol.establishConnection(NSProtocol.java:660) ~[ojdbc8-12.2.0.jar:12.2.0.1.0]
	at oracle.net.ns.NSProtocol.connect(NSProtocol.java:286) ~[ojdbc8-12.2.0.jar:12.2.0.1.0]
	at oracle.jdbc.driver.T4CConnection.connect(T4CConnection.java:1438) ~[ojdbc8-12.2.0.jar:12.2.0.1.0]
	at oracle.jdbc.driver.T4CConnection.logon(T4CConnection.java:518) ~[ojdbc8-12.2.0.jar:12.2.0.1.0]
	... 48 common frames omitted
Caused by: java.io.IOException: Connection timed out: connect, socket connect lapse 21008 ms. /192.168.56.103 1521 30000 1 true
	at oracle.net.nt.TcpNTAdapter.connect(TcpNTAdapter.java:209) ~[ojdbc8-12.2.0.jar:12.2.0.1.0]
	at oracle.net.nt.ConnOption.connect(ConnOption.java:161) ~[ojdbc8-12.2.0.jar:12.2.0.1.0]
	at oracle.net.nt.ConnStrategy.execute(ConnStrategy.java:470) ~[ojdbc8-12.2.0.jar:12.2.0.1.0]
	... 53 common frames omitted
Caused by: java.net.ConnectException: Connection timed out: connect
	at sun.nio.ch.Net.connect0(Native Method) ~[na:1.8.0_144]
	at sun.nio.ch.Net.connect(Net.java:454) ~[na:1.8.0_144]
	at sun.nio.ch.Net.connect(Net.java:446) ~[na:1.8.0_144]
	at sun.nio.ch.SocketChannelImpl.connect(SocketChannelImpl.java:648) ~[na:1.8.0_144]
	at java.nio.channels.SocketChannel.open(SocketChannel.java:189) ~[na:1.8.0_144]
	at oracle.net.nt.TimeoutSocketChannel.<init>(TimeoutSocketChannel.java:81) ~[ojdbc8-12.2.0.jar:12.2.0.1.0]
	at oracle.net.nt.TcpNTAdapter.connect(TcpNTAdapter.java:169) ~[ojdbc8-12.2.0.jar:12.2.0.1.0]
	... 55 common frames omitted

2018-02-09 09:03:40.624  INFO 19640 --- [main] j.LocalContainerEntityManagerFactoryBean : Building JPA container EntityManagerFactory for persistence unit 'default'
2018-02-09 09:03:40.642  INFO 19640 --- [main] o.hibernate.jpa.internal.util.LogHelper  : HHH000204: Processing PersistenceUnitInfo [
	name: default
	...]
2018-02-09 09:03:40.728  INFO 19640 --- [main] org.hibernate.Version                    : HHH000412: Hibernate Core {5.2.12.Final}
2018-02-09 09:03:40.728  INFO 19640 --- [main] org.hibernate.cfg.Environment            : HHH000206: hibernate.properties not found
2018-02-09 09:03:40.784  INFO 19640 --- [main] o.hibernate.annotations.common.Version   : HCANN000001: Hibernate Commons Annotations {5.0.1.Final}
2018-02-09 09:03:41.180  INFO 19640 --- [main] com.zaxxer.hikari.HikariDataSource       : testdb - Starting...
2018-02-09 09:04:24.191 ERROR 19640 --- [main] com.zaxxer.hikari.pool.HikariPool        : testdb - Exception during pool initialization.

java.sql.SQLRecoverableException: IO Error: The Network Adapter could not establish the connection
	at oracle.jdbc.driver.T4CConnection.logon(T4CConnection.java:774) ~[ojdbc8-12.2.0.jar:12.2.0.1.0]
	at oracle.jdbc.driver.PhysicalConnection.connect(PhysicalConnection.java:688) ~[ojdbc8-12.2.0.jar:12.2.0.1.0]
	at oracle.jdbc.driver.T4CDriverExtension.getConnection(T4CDriverExtension.java:39) ~[ojdbc8-12.2.0.jar:12.2.0.1.0]
	at oracle.jdbc.driver.OracleDriver.connect(OracleDriver.java:691) ~[ojdbc8-12.2.0.jar:12.2.0.1.0]
	at com.zaxxer.hikari.util.DriverDataSource.getConnection(DriverDataSource.java:117) ~[HikariCP-2.7.4.jar:na]
	at com.zaxxer.hikari.util.DriverDataSource.getConnection(DriverDataSource.java:123) ~[HikariCP-2.7.4.jar:na]
	at com.zaxxer.hikari.pool.PoolBase.newConnection(PoolBase.java:375) ~[HikariCP-2.7.4.jar:na]
	at com.zaxxer.hikari.pool.PoolBase.newPoolEntry(PoolBase.java:204) ~[HikariCP-2.7.4.jar:na]
	at com.zaxxer.hikari.pool.HikariPool.createPoolEntry(HikariPool.java:459) [HikariCP-2.7.4.jar:na]
	at com.zaxxer.hikari.pool.HikariPool.checkFailFast(HikariPool.java:533) [HikariCP-2.7.4.jar:na]
	at com.zaxxer.hikari.pool.HikariPool.<init>(HikariPool.java:114) [HikariCP-2.7.4.jar:na]
	at com.zaxxer.hikari.HikariDataSource.getConnection(HikariDataSource.java:97) [HikariCP-2.7.4.jar:na]
	at org.hibernate.engine.jdbc.connections.internal.DatasourceConnectionProviderImpl.getConnection(DatasourceConnectionProviderImpl.java:122) [hibernate-core-5.2.12.Final.jar:5.2.12.Final]
	at org.hibernate.engine.jdbc.env.internal.JdbcEnvironmentInitiator$ConnectionProviderJdbcConnectionAccess.obtainConnection(JdbcEnvironmentInitiator.java:180) [hibernate-core-5.2.12.Final.jar:5.2.12.Final]
	at org.hibernate.engine.jdbc.env.internal.JdbcEnvironmentInitiator.initiateService(JdbcEnvironmentInitiator.java:68) [hibernate-core-5.2.12.Final.jar:5.2.12.Final]
	at org.hibernate.engine.jdbc.env.internal.JdbcEnvironmentInitiator.initiateService(JdbcEnvironmentInitiator.java:35) [hibernate-core-5.2.12.Final.jar:5.2.12.Final]
	at org.hibernate.boot.registry.internal.StandardServiceRegistryImpl.initiateService(StandardServiceRegistryImpl.java:88) [hibernate-core-5.2.12.Final.jar:5.2.12.Final]
	at org.hibernate.service.internal.AbstractServiceRegistryImpl.createService(AbstractServiceRegistryImpl.java:259) [hibernate-core-5.2.12.Final.jar:5.2.12.Final]
	at org.hibernate.service.internal.AbstractServiceRegistryImpl.initializeService(AbstractServiceRegistryImpl.java:233) [hibernate-core-5.2.12.Final.jar:5.2.12.Final]
	at org.hibernate.service.internal.AbstractServiceRegistryImpl.getService(AbstractServiceRegistryImpl.java:210) [hibernate-core-5.2.12.Final.jar:5.2.12.Final]
	at org.hibernate.engine.jdbc.internal.JdbcServicesImpl.configure(JdbcServicesImpl.java:51) [hibernate-core-5.2.12.Final.jar:5.2.12.Final]
	at org.hibernate.boot.registry.internal.StandardServiceRegistryImpl.configureService(StandardServiceRegistryImpl.java:94) [hibernate-core-5.2.12.Final.jar:5.2.12.Final]
	at org.hibernate.service.internal.AbstractServiceRegistryImpl.initializeService(AbstractServiceRegistryImpl.java:242) [hibernate-core-5.2.12.Final.jar:5.2.12.Final]
	at org.hibernate.service.internal.AbstractServiceRegistryImpl.getService(AbstractServiceRegistryImpl.java:210) [hibernate-core-5.2.12.Final.jar:5.2.12.Final]
	at org.hibernate.boot.model.process.spi.MetadataBuildingProcess.handleTypes(MetadataBuildingProcess.java:352) [hibernate-core-5.2.12.Final.jar:5.2.12.Final]
	at org.hibernate.boot.model.process.spi.MetadataBuildingProcess.complete(MetadataBuildingProcess.java:111) [hibernate-core-5.2.12.Final.jar:5.2.12.Final]
	at org.hibernate.jpa.boot.internal.EntityManagerFactoryBuilderImpl.metadata(EntityManagerFactoryBuilderImpl.java:858) [hibernate-core-5.2.12.Final.jar:5.2.12.Final]
	at org.hibernate.jpa.boot.internal.EntityManagerFactoryBuilderImpl.build(EntityManagerFactoryBuilderImpl.java:885) [hibernate-core-5.2.12.Final.jar:5.2.12.Final]
	at org.springframework.orm.jpa.vendor.SpringHibernateJpaPersistenceProvider.createContainerEntityManagerFactory(SpringHibernateJpaPersistenceProvider.java:57) [spring-orm-5.0.2.RELEASE.jar:5.0.2.RELEASE]
	at org.springframework.orm.jpa.LocalContainerEntityManagerFactoryBean.createNativeEntityManagerFactory(LocalContainerEntityManagerFactoryBean.java:365) [spring-orm-5.0.2.RELEASE.jar:5.0.2.RELEASE]
	at org.springframework.orm.jpa.AbstractEntityManagerFactoryBean.buildNativeEntityManagerFactory(AbstractEntityManagerFactoryBean.java:387) [spring-orm-5.0.2.RELEASE.jar:5.0.2.RELEASE]
	at org.springframework.orm.jpa.AbstractEntityManagerFactoryBean.afterPropertiesSet(AbstractEntityManagerFactoryBean.java:376) [spring-orm-5.0.2.RELEASE.jar:5.0.2.RELEASE]
	at org.springframework.orm.jpa.LocalContainerEntityManagerFactoryBean.afterPropertiesSet(LocalContainerEntityManagerFactoryBean.java:341) [spring-orm-5.0.2.RELEASE.jar:5.0.2.RELEASE]
	at org.springframework.beans.factory.support.AbstractAutowireCapableBeanFactory.invokeInitMethods(AbstractAutowireCapableBeanFactory.java:1769) [spring-beans-5.0.2.RELEASE.jar:5.0.2.RELEASE]
	at org.springframework.beans.factory.support.AbstractAutowireCapableBeanFactory.initializeBean(AbstractAutowireCapableBeanFactory.java:1706) [spring-beans-5.0.2.RELEASE.jar:5.0.2.RELEASE]
	at org.springframework.beans.factory.support.AbstractAutowireCapableBeanFactory.doCreateBean(AbstractAutowireCapableBeanFactory.java:583) [spring-beans-5.0.2.RELEASE.jar:5.0.2.RELEASE]
	at org.springframework.beans.factory.support.AbstractAutowireCapableBeanFactory.createBean(AbstractAutowireCapableBeanFactory.java:502) [spring-beans-5.0.2.RELEASE.jar:5.0.2.RELEASE]
	at org.springframework.beans.factory.support.AbstractBeanFactory.lambda$doGetBean$0(AbstractBeanFactory.java:312) [spring-beans-5.0.2.RELEASE.jar:5.0.2.RELEASE]
	at org.springframework.beans.factory.support.DefaultSingletonBeanRegistry.getSingleton(DefaultSingletonBeanRegistry.java:228) ~[spring-beans-5.0.2.RELEASE.jar:5.0.2.RELEASE]
	at org.springframework.beans.factory.support.AbstractBeanFactory.doGetBean(AbstractBeanFactory.java:310) [spring-beans-5.0.2.RELEASE.jar:5.0.2.RELEASE]
	at org.springframework.beans.factory.support.AbstractBeanFactory.getBean(AbstractBeanFactory.java:200) [spring-beans-5.0.2.RELEASE.jar:5.0.2.RELEASE]
	at org.springframework.context.support.AbstractApplicationContext.getBean(AbstractApplicationContext.java:1085) ~[spring-context-5.0.2.RELEASE.jar:5.0.2.RELEASE]
	at org.springframework.context.support.AbstractApplicationContext.finishBeanFactoryInitialization(AbstractApplicationContext.java:858) ~[spring-context-5.0.2.RELEASE.jar:5.0.2.RELEASE]
	at org.springframework.context.support.AbstractApplicationContext.refresh(AbstractApplicationContext.java:549) ~[spring-context-5.0.2.RELEASE.jar:5.0.2.RELEASE]
	at org.springframework.boot.web.servlet.context.ServletWebServerApplicationContext.refresh(ServletWebServerApplicationContext.java:138) ~[spring-boot-2.0.0.M7.jar:2.0.0.M7]
	at org.springframework.boot.SpringApplication.refresh(SpringApplication.java:751) ~[spring-boot-2.0.0.M7.jar:2.0.0.M7]
	at org.springframework.boot.SpringApplication.refreshContext(SpringApplication.java:387) ~[spring-boot-2.0.0.M7.jar:2.0.0.M7]
	at org.springframework.boot.SpringApplication.run(SpringApplication.java:327) ~[spring-boot-2.0.0.M7.jar:2.0.0.M7]
	at org.springframework.boot.SpringApplication.run(SpringApplication.java:1245) ~[spring-boot-2.0.0.M7.jar:2.0.0.M7]
	at org.springframework.boot.SpringApplication.run(SpringApplication.java:1233) ~[spring-boot-2.0.0.M7.jar:2.0.0.M7]
	at com.fps.RmsApplication.main(RmsApplication.java:13) ~[classes/:na]
Caused by: oracle.net.ns.NetException: The Network Adapter could not establish the connection
	at oracle.net.nt.ConnStrategy.execute(ConnStrategy.java:523) ~[ojdbc8-12.2.0.jar:12.2.0.1.0]
	at oracle.net.resolver.AddrResolution.resolveAndExecute(AddrResolution.java:521) ~[ojdbc8-12.2.0.jar:12.2.0.1.0]
	at oracle.net.ns.NSProtocol.establishConnection(NSProtocol.java:660) ~[ojdbc8-12.2.0.jar:12.2.0.1.0]
	at oracle.net.ns.NSProtocol.connect(NSProtocol.java:286) ~[ojdbc8-12.2.0.jar:12.2.0.1.0]
	at oracle.jdbc.driver.T4CConnection.connect(T4CConnection.java:1438) ~[ojdbc8-12.2.0.jar:12.2.0.1.0]
	at oracle.jdbc.driver.T4CConnection.logon(T4CConnection.java:518) ~[ojdbc8-12.2.0.jar:12.2.0.1.0]
	... 50 common frames omitted
Caused by: java.io.IOException: Connection timed out: connect, socket connect lapse 21003 ms. /192.168.56.103 1521 30000 1 true
	at oracle.net.nt.TcpNTAdapter.connect(TcpNTAdapter.java:209) ~[ojdbc8-12.2.0.jar:12.2.0.1.0]
	at oracle.net.nt.ConnOption.connect(ConnOption.java:161) ~[ojdbc8-12.2.0.jar:12.2.0.1.0]
	at oracle.net.nt.ConnStrategy.execute(ConnStrategy.java:470) ~[ojdbc8-12.2.0.jar:12.2.0.1.0]
	... 55 common frames omitted
Caused by: java.net.ConnectException: Connection timed out: connect
	at sun.nio.ch.Net.connect0(Native Method) ~[na:1.8.0_144]
	at sun.nio.ch.Net.connect(Net.java:454) ~[na:1.8.0_144]
	at sun.nio.ch.Net.connect(Net.java:446) ~[na:1.8.0_144]
	at sun.nio.ch.SocketChannelImpl.connect(SocketChannelImpl.java:648) ~[na:1.8.0_144]
	at java.nio.channels.SocketChannel.open(SocketChannel.java:189) ~[na:1.8.0_144]
	at oracle.net.nt.TimeoutSocketChannel.<init>(TimeoutSocketChannel.java:81) ~[ojdbc8-12.2.0.jar:12.2.0.1.0]
	at oracle.net.nt.TcpNTAdapter.connect(TcpNTAdapter.java:169) ~[ojdbc8-12.2.0.jar:12.2.0.1.0]
	... 57 common frames omitted

2018-02-09 09:04:24.195  WARN 19640 --- [main] o.h.e.j.e.i.JdbcEnvironmentInitiator     : HHH000342: Could not obtain connection to query metadata : IO Error: The Network Adapter could not establish the connection
2018-02-09 09:04:24.207  INFO 19640 --- [main] org.hibernate.dialect.Dialect            : HHH000400: Using dialect: org.hibernate.dialect.Oracle12cDialect
2018-02-09 09:04:24.222  INFO 19640 --- [main] o.h.e.j.e.i.LobCreatorBuilderImpl        : HHH000422: Disabling contextual LOB creation as connection was null
2018-02-09 09:04:24.223  INFO 19640 --- [main] org.hibernate.type.BasicTypeRegistry     : HHH000270: Type registration [byte[]] overrides previous : org.hibernate.type.BinaryType@20cece0b
2018-02-09 09:04:24.223  INFO 19640 --- [main] org.hibernate.type.BasicTypeRegistry     : HHH000270: Type registration [[B] overrides previous : org.hibernate.type.BinaryType@20cece0b
2018-02-09 09:04:24.224  INFO 19640 --- [main] org.hibernate.type.BasicTypeRegistry     : HHH000270: Type registration [Byte[]] overrides previous : org.hibernate.type.WrapperBinaryType@78e22d35
2018-02-09 09:04:24.224  INFO 19640 --- [main] org.hibernate.type.BasicTypeRegistry     : HHH000270: Type registration [[Ljava.lang.Byte;] overrides previous : org.hibernate.type.WrapperBinaryType@78e22d35
2018-02-09 09:04:24.455  INFO 19640 --- [main] o.h.v.i.engine.ValidatorFactoryImpl      : HV000238: Temporal validation tolerance set to 0.
2018-02-09 09:04:24.700  INFO 19640 --- [main] com.zaxxer.hikari.HikariDataSource       : testdb - Starting...
2018-02-09 09:05:07.713 ERROR 19640 --- [main] com.zaxxer.hikari.pool.HikariPool        : testdb - Exception during pool initialization.

java.sql.SQLRecoverableException: IO Error: The Network Adapter could not establish the connection
	at oracle.jdbc.driver.T4CConnection.logon(T4CConnection.java:774) ~[ojdbc8-12.2.0.jar:12.2.0.1.0]
	at oracle.jdbc.driver.PhysicalConnection.connect(PhysicalConnection.java:688) ~[ojdbc8-12.2.0.jar:12.2.0.1.0]
	at oracle.jdbc.driver.T4CDriverExtension.getConnection(T4CDriverExtension.java:39) ~[ojdbc8-12.2.0.jar:12.2.0.1.0]
	at oracle.jdbc.driver.OracleDriver.connect(OracleDriver.java:691) ~[ojdbc8-12.2.0.jar:12.2.0.1.0]
	at com.zaxxer.hikari.util.DriverDataSource.getConnection(DriverDataSource.java:117) ~[HikariCP-2.7.4.jar:na]
	at com.zaxxer.hikari.util.DriverDataSource.getConnection(DriverDataSource.java:123) ~[HikariCP-2.7.4.jar:na]
	at com.zaxxer.hikari.pool.PoolBase.newConnection(PoolBase.java:375) ~[HikariCP-2.7.4.jar:na]
	at com.zaxxer.hikari.pool.PoolBase.newPoolEntry(PoolBase.java:204) ~[HikariCP-2.7.4.jar:na]
	at com.zaxxer.hikari.pool.HikariPool.createPoolEntry(HikariPool.java:459) [HikariCP-2.7.4.jar:na]
	at com.zaxxer.hikari.pool.HikariPool.checkFailFast(HikariPool.java:533) [HikariCP-2.7.4.jar:na]
	at com.zaxxer.hikari.pool.HikariPool.<init>(HikariPool.java:114) [HikariCP-2.7.4.jar:na]
	at com.zaxxer.hikari.HikariDataSource.getConnection(HikariDataSource.java:97) [HikariCP-2.7.4.jar:na]
	at org.hibernate.engine.jdbc.connections.internal.DatasourceConnectionProviderImpl.getConnection(DatasourceConnectionProviderImpl.java:122) [hibernate-core-5.2.12.Final.jar:5.2.12.Final]
	at org.hibernate.internal.SessionFactoryImpl$1.obtainConnection(SessionFactoryImpl.java:428) [hibernate-core-5.2.12.Final.jar:5.2.12.Final]
	at org.hibernate.hql.spi.id.IdTableHelper.executeIdTableCreationStatements(IdTableHelper.java:67) [hibernate-core-5.2.12.Final.jar:5.2.12.Final]
	at org.hibernate.hql.spi.id.global.GlobalTemporaryTableBulkIdStrategy.finishPreparation(GlobalTemporaryTableBulkIdStrategy.java:125) [hibernate-core-5.2.12.Final.jar:5.2.12.Final]
	at org.hibernate.hql.spi.id.global.GlobalTemporaryTableBulkIdStrategy.finishPreparation(GlobalTemporaryTableBulkIdStrategy.java:42) [hibernate-core-5.2.12.Final.jar:5.2.12.Final]
	at org.hibernate.hql.spi.id.AbstractMultiTableBulkIdStrategyImpl.prepare(AbstractMultiTableBulkIdStrategyImpl.java:88) [hibernate-core-5.2.12.Final.jar:5.2.12.Final]
	at org.hibernate.internal.SessionFactoryImpl.<init>(SessionFactoryImpl.java:306) [hibernate-core-5.2.12.Final.jar:5.2.12.Final]
	at org.hibernate.boot.internal.SessionFactoryBuilderImpl.build(SessionFactoryBuilderImpl.java:452) [hibernate-core-5.2.12.Final.jar:5.2.12.Final]
	at org.hibernate.jpa.boot.internal.EntityManagerFactoryBuilderImpl.build(EntityManagerFactoryBuilderImpl.java:889) [hibernate-core-5.2.12.Final.jar:5.2.12.Final]
	at org.springframework.orm.jpa.vendor.SpringHibernateJpaPersistenceProvider.createContainerEntityManagerFactory(SpringHibernateJpaPersistenceProvider.java:57) [spring-orm-5.0.2.RELEASE.jar:5.0.2.RELEASE]
	at org.springframework.orm.jpa.LocalContainerEntityManagerFactoryBean.createNativeEntityManagerFactory(LocalContainerEntityManagerFactoryBean.java:365) [spring-orm-5.0.2.RELEASE.jar:5.0.2.RELEASE]
	at org.springframework.orm.jpa.AbstractEntityManagerFactoryBean.buildNativeEntityManagerFactory(AbstractEntityManagerFactoryBean.java:387) [spring-orm-5.0.2.RELEASE.jar:5.0.2.RELEASE]
	at org.springframework.orm.jpa.AbstractEntityManagerFactoryBean.afterPropertiesSet(AbstractEntityManagerFactoryBean.java:376) [spring-orm-5.0.2.RELEASE.jar:5.0.2.RELEASE]
	at org.springframework.orm.jpa.LocalContainerEntityManagerFactoryBean.afterPropertiesSet(LocalContainerEntityManagerFactoryBean.java:341) [spring-orm-5.0.2.RELEASE.jar:5.0.2.RELEASE]
	at org.springframework.beans.factory.support.AbstractAutowireCapableBeanFactory.invokeInitMethods(AbstractAutowireCapableBeanFactory.java:1769) [spring-beans-5.0.2.RELEASE.jar:5.0.2.RELEASE]
	at org.springframework.beans.factory.support.AbstractAutowireCapableBeanFactory.initializeBean(AbstractAutowireCapableBeanFactory.java:1706) [spring-beans-5.0.2.RELEASE.jar:5.0.2.RELEASE]
	at org.springframework.beans.factory.support.AbstractAutowireCapableBeanFactory.doCreateBean(AbstractAutowireCapableBeanFactory.java:583) [spring-beans-5.0.2.RELEASE.jar:5.0.2.RELEASE]
	at org.springframework.beans.factory.support.AbstractAutowireCapableBeanFactory.createBean(AbstractAutowireCapableBeanFactory.java:502) [spring-beans-5.0.2.RELEASE.jar:5.0.2.RELEASE]
	at org.springframework.beans.factory.support.AbstractBeanFactory.lambda$doGetBean$0(AbstractBeanFactory.java:312) [spring-beans-5.0.2.RELEASE.jar:5.0.2.RELEASE]
	at org.springframework.beans.factory.support.DefaultSingletonBeanRegistry.getSingleton(DefaultSingletonBeanRegistry.java:228) ~[spring-beans-5.0.2.RELEASE.jar:5.0.2.RELEASE]
	at org.springframework.beans.factory.support.AbstractBeanFactory.doGetBean(AbstractBeanFactory.java:310) [spring-beans-5.0.2.RELEASE.jar:5.0.2.RELEASE]
	at org.springframework.beans.factory.support.AbstractBeanFactory.getBean(AbstractBeanFactory.java:200) [spring-beans-5.0.2.RELEASE.jar:5.0.2.RELEASE]
	at org.springframework.context.support.AbstractApplicationContext.getBean(AbstractApplicationContext.java:1085) ~[spring-context-5.0.2.RELEASE.jar:5.0.2.RELEASE]
	at org.springframework.context.support.AbstractApplicationContext.finishBeanFactoryInitialization(AbstractApplicationContext.java:858) ~[spring-context-5.0.2.RELEASE.jar:5.0.2.RELEASE]
	at org.springframework.context.support.AbstractApplicationContext.refresh(AbstractApplicationContext.java:549) ~[spring-context-5.0.2.RELEASE.jar:5.0.2.RELEASE]
	at org.springframework.boot.web.servlet.context.ServletWebServerApplicationContext.refresh(ServletWebServerApplicationContext.java:138) ~[spring-boot-2.0.0.M7.jar:2.0.0.M7]
	at org.springframework.boot.SpringApplication.refresh(SpringApplication.java:751) ~[spring-boot-2.0.0.M7.jar:2.0.0.M7]
	at org.springframework.boot.SpringApplication.refreshContext(SpringApplication.java:387) ~[spring-boot-2.0.0.M7.jar:2.0.0.M7]
	at org.springframework.boot.SpringApplication.run(SpringApplication.java:327) ~[spring-boot-2.0.0.M7.jar:2.0.0.M7]
	at org.springframework.boot.SpringApplication.run(SpringApplication.java:1245) ~[spring-boot-2.0.0.M7.jar:2.0.0.M7]
	at org.springframework.boot.SpringApplication.run(SpringApplication.java:1233) ~[spring-boot-2.0.0.M7.jar:2.0.0.M7]
	at com.fps.RmsApplication.main(RmsApplication.java:13) ~[classes/:na]
Caused by: oracle.net.ns.NetException: The Network Adapter could not establish the connection
	at oracle.net.nt.ConnStrategy.execute(ConnStrategy.java:523) ~[ojdbc8-12.2.0.jar:12.2.0.1.0]
	at oracle.net.resolver.AddrResolution.resolveAndExecute(AddrResolution.java:521) ~[ojdbc8-12.2.0.jar:12.2.0.1.0]
	at oracle.net.ns.NSProtocol.establishConnection(NSProtocol.java:660) ~[ojdbc8-12.2.0.jar:12.2.0.1.0]
	at oracle.net.ns.NSProtocol.connect(NSProtocol.java:286) ~[ojdbc8-12.2.0.jar:12.2.0.1.0]
	at oracle.jdbc.driver.T4CConnection.connect(T4CConnection.java:1438) ~[ojdbc8-12.2.0.jar:12.2.0.1.0]
	at oracle.jdbc.driver.T4CConnection.logon(T4CConnection.java:518) ~[ojdbc8-12.2.0.jar:12.2.0.1.0]
	... 43 common frames omitted
Caused by: java.io.IOException: Connection timed out: connect, socket connect lapse 21008 ms. /192.168.56.103 1521 30000 1 true
	at oracle.net.nt.TcpNTAdapter.connect(TcpNTAdapter.java:209) ~[ojdbc8-12.2.0.jar:12.2.0.1.0]
	at oracle.net.nt.ConnOption.connect(ConnOption.java:161) ~[ojdbc8-12.2.0.jar:12.2.0.1.0]
	at oracle.net.nt.ConnStrategy.execute(ConnStrategy.java:470) ~[ojdbc8-12.2.0.jar:12.2.0.1.0]
	... 48 common frames omitted
Caused by: java.net.ConnectException: Connection timed out: connect
	at sun.nio.ch.Net.connect0(Native Method) ~[na:1.8.0_144]
	at sun.nio.ch.Net.connect(Net.java:454) ~[na:1.8.0_144]
	at sun.nio.ch.Net.connect(Net.java:446) ~[na:1.8.0_144]
	at sun.nio.ch.SocketChannelImpl.connect(SocketChannelImpl.java:648) ~[na:1.8.0_144]
	at java.nio.channels.SocketChannel.open(SocketChannel.java:189) ~[na:1.8.0_144]
	at oracle.net.nt.TimeoutSocketChannel.<init>(TimeoutSocketChannel.java:81) ~[ojdbc8-12.2.0.jar:12.2.0.1.0]
	at oracle.net.nt.TcpNTAdapter.connect(TcpNTAdapter.java:169) ~[ojdbc8-12.2.0.jar:12.2.0.1.0]
	... 50 common frames omitted

2018-02-09 09:05:07.721 ERROR 19640 --- [main] org.hibernate.hql.spi.id.IdTableHelper   : Unable obtain JDBC Connection

java.sql.SQLRecoverableException: IO Error: The Network Adapter could not establish the connection
	at oracle.jdbc.driver.T4CConnection.logon(T4CConnection.java:774) ~[ojdbc8-12.2.0.jar:12.2.0.1.0]
	at oracle.jdbc.driver.PhysicalConnection.connect(PhysicalConnection.java:688) ~[ojdbc8-12.2.0.jar:12.2.0.1.0]
	at oracle.jdbc.driver.T4CDriverExtension.getConnection(T4CDriverExtension.java:39) ~[ojdbc8-12.2.0.jar:12.2.0.1.0]
	at oracle.jdbc.driver.OracleDriver.connect(OracleDriver.java:691) ~[ojdbc8-12.2.0.jar:12.2.0.1.0]
	at com.zaxxer.hikari.util.DriverDataSource.getConnection(DriverDataSource.java:117) ~[HikariCP-2.7.4.jar:na]
	at com.zaxxer.hikari.util.DriverDataSource.getConnection(DriverDataSource.java:123) ~[HikariCP-2.7.4.jar:na]
	at com.zaxxer.hikari.pool.PoolBase.newConnection(PoolBase.java:375) ~[HikariCP-2.7.4.jar:na]
	at com.zaxxer.hikari.pool.PoolBase.newPoolEntry(PoolBase.java:204) ~[HikariCP-2.7.4.jar:na]
	at com.zaxxer.hikari.pool.HikariPool.createPoolEntry(HikariPool.java:459) ~[HikariCP-2.7.4.jar:na]
	at com.zaxxer.hikari.pool.HikariPool.checkFailFast(HikariPool.java:533) ~[HikariCP-2.7.4.jar:na]
	at com.zaxxer.hikari.pool.HikariPool.<init>(HikariPool.java:114) ~[HikariCP-2.7.4.jar:na]
	at com.zaxxer.hikari.HikariDataSource.getConnection(HikariDataSource.java:97) ~[HikariCP-2.7.4.jar:na]
	at org.hibernate.engine.jdbc.connections.internal.DatasourceConnectionProviderImpl.getConnection(DatasourceConnectionProviderImpl.java:122) ~[hibernate-core-5.2.12.Final.jar:5.2.12.Final]
	at org.hibernate.internal.SessionFactoryImpl$1.obtainConnection(SessionFactoryImpl.java:428) ~[hibernate-core-5.2.12.Final.jar:5.2.12.Final]
	at org.hibernate.hql.spi.id.IdTableHelper.executeIdTableCreationStatements(IdTableHelper.java:67) ~[hibernate-core-5.2.12.Final.jar:5.2.12.Final]
	at org.hibernate.hql.spi.id.global.GlobalTemporaryTableBulkIdStrategy.finishPreparation(GlobalTemporaryTableBulkIdStrategy.java:125) [hibernate-core-5.2.12.Final.jar:5.2.12.Final]
	at org.hibernate.hql.spi.id.global.GlobalTemporaryTableBulkIdStrategy.finishPreparation(GlobalTemporaryTableBulkIdStrategy.java:42) [hibernate-core-5.2.12.Final.jar:5.2.12.Final]
	at org.hibernate.hql.spi.id.AbstractMultiTableBulkIdStrategyImpl.prepare(AbstractMultiTableBulkIdStrategyImpl.java:88) [hibernate-core-5.2.12.Final.jar:5.2.12.Final]
	at org.hibernate.internal.SessionFactoryImpl.<init>(SessionFactoryImpl.java:306) [hibernate-core-5.2.12.Final.jar:5.2.12.Final]
	at org.hibernate.boot.internal.SessionFactoryBuilderImpl.build(SessionFactoryBuilderImpl.java:452) [hibernate-core-5.2.12.Final.jar:5.2.12.Final]
	at org.hibernate.jpa.boot.internal.EntityManagerFactoryBuilderImpl.build(EntityManagerFactoryBuilderImpl.java:889) [hibernate-core-5.2.12.Final.jar:5.2.12.Final]
	at org.springframework.orm.jpa.vendor.SpringHibernateJpaPersistenceProvider.createContainerEntityManagerFactory(SpringHibernateJpaPersistenceProvider.java:57) [spring-orm-5.0.2.RELEASE.jar:5.0.2.RELEASE]
	at org.springframework.orm.jpa.LocalContainerEntityManagerFactoryBean.createNativeEntityManagerFactory(LocalContainerEntityManagerFactoryBean.java:365) [spring-orm-5.0.2.RELEASE.jar:5.0.2.RELEASE]
	at org.springframework.orm.jpa.AbstractEntityManagerFactoryBean.buildNativeEntityManagerFactory(AbstractEntityManagerFactoryBean.java:387) [spring-orm-5.0.2.RELEASE.jar:5.0.2.RELEASE]
	at org.springframework.orm.jpa.AbstractEntityManagerFactoryBean.afterPropertiesSet(AbstractEntityManagerFactoryBean.java:376) [spring-orm-5.0.2.RELEASE.jar:5.0.2.RELEASE]
	at org.springframework.orm.jpa.LocalContainerEntityManagerFactoryBean.afterPropertiesSet(LocalContainerEntityManagerFactoryBean.java:341) [spring-orm-5.0.2.RELEASE.jar:5.0.2.RELEASE]
	at org.springframework.beans.factory.support.AbstractAutowireCapableBeanFactory.invokeInitMethods(AbstractAutowireCapableBeanFactory.java:1769) [spring-beans-5.0.2.RELEASE.jar:5.0.2.RELEASE]
	at org.springframework.beans.factory.support.AbstractAutowireCapableBeanFactory.initializeBean(AbstractAutowireCapableBeanFactory.java:1706) [spring-beans-5.0.2.RELEASE.jar:5.0.2.RELEASE]
	at org.springframework.beans.factory.support.AbstractAutowireCapableBeanFactory.doCreateBean(AbstractAutowireCapableBeanFactory.java:583) [spring-beans-5.0.2.RELEASE.jar:5.0.2.RELEASE]
	at org.springframework.beans.factory.support.AbstractAutowireCapableBeanFactory.createBean(AbstractAutowireCapableBeanFactory.java:502) [spring-beans-5.0.2.RELEASE.jar:5.0.2.RELEASE]
	at org.springframework.beans.factory.support.AbstractBeanFactory.lambda$doGetBean$0(AbstractBeanFactory.java:312) [spring-beans-5.0.2.RELEASE.jar:5.0.2.RELEASE]
	at org.springframework.beans.factory.support.DefaultSingletonBeanRegistry.getSingleton(DefaultSingletonBeanRegistry.java:228) ~[spring-beans-5.0.2.RELEASE.jar:5.0.2.RELEASE]
	at org.springframework.beans.factory.support.AbstractBeanFactory.doGetBean(AbstractBeanFactory.java:310) [spring-beans-5.0.2.RELEASE.jar:5.0.2.RELEASE]
	at org.springframework.beans.factory.support.AbstractBeanFactory.getBean(AbstractBeanFactory.java:200) [spring-beans-5.0.2.RELEASE.jar:5.0.2.RELEASE]
	at org.springframework.context.support.AbstractApplicationContext.getBean(AbstractApplicationContext.java:1085) ~[spring-context-5.0.2.RELEASE.jar:5.0.2.RELEASE]
	at org.springframework.context.support.AbstractApplicationContext.finishBeanFactoryInitialization(AbstractApplicationContext.java:858) ~[spring-context-5.0.2.RELEASE.jar:5.0.2.RELEASE]
	at org.springframework.context.support.AbstractApplicationContext.refresh(AbstractApplicationContext.java:549) ~[spring-context-5.0.2.RELEASE.jar:5.0.2.RELEASE]
	at org.springframework.boot.web.servlet.context.ServletWebServerApplicationContext.refresh(ServletWebServerApplicationContext.java:138) ~[spring-boot-2.0.0.M7.jar:2.0.0.M7]
	at org.springframework.boot.SpringApplication.refresh(SpringApplication.java:751) ~[spring-boot-2.0.0.M7.jar:2.0.0.M7]
	at org.springframework.boot.SpringApplication.refreshContext(SpringApplication.java:387) ~[spring-boot-2.0.0.M7.jar:2.0.0.M7]
	at org.springframework.boot.SpringApplication.run(SpringApplication.java:327) ~[spring-boot-2.0.0.M7.jar:2.0.0.M7]
	at org.springframework.boot.SpringApplication.run(SpringApplication.java:1245) ~[spring-boot-2.0.0.M7.jar:2.0.0.M7]
	at org.springframework.boot.SpringApplication.run(SpringApplication.java:1233) ~[spring-boot-2.0.0.M7.jar:2.0.0.M7]
	at com.fps.RmsApplication.main(RmsApplication.java:13) ~[classes/:na]
Caused by: oracle.net.ns.NetException: The Network Adapter could not establish the connection
	at oracle.net.nt.ConnStrategy.execute(ConnStrategy.java:523) ~[ojdbc8-12.2.0.jar:12.2.0.1.0]
	at oracle.net.resolver.AddrResolution.resolveAndExecute(AddrResolution.java:521) ~[ojdbc8-12.2.0.jar:12.2.0.1.0]
	at oracle.net.ns.NSProtocol.establishConnection(NSProtocol.java:660) ~[ojdbc8-12.2.0.jar:12.2.0.1.0]
	at oracle.net.ns.NSProtocol.connect(NSProtocol.java:286) ~[ojdbc8-12.2.0.jar:12.2.0.1.0]
	at oracle.jdbc.driver.T4CConnection.connect(T4CConnection.java:1438) ~[ojdbc8-12.2.0.jar:12.2.0.1.0]
	at oracle.jdbc.driver.T4CConnection.logon(T4CConnection.java:518) ~[ojdbc8-12.2.0.jar:12.2.0.1.0]
	... 43 common frames omitted
Caused by: java.io.IOException: Connection timed out: connect, socket connect lapse 21008 ms. /192.168.56.103 1521 30000 1 true
	at oracle.net.nt.TcpNTAdapter.connect(TcpNTAdapter.java:209) ~[ojdbc8-12.2.0.jar:12.2.0.1.0]
	at oracle.net.nt.ConnOption.connect(ConnOption.java:161) ~[ojdbc8-12.2.0.jar:12.2.0.1.0]
	at oracle.net.nt.ConnStrategy.execute(ConnStrategy.java:470) ~[ojdbc8-12.2.0.jar:12.2.0.1.0]
	... 48 common frames omitted
Caused by: java.net.ConnectException: Connection timed out: connect
	at sun.nio.ch.Net.connect0(Native Method) ~[na:1.8.0_144]
	at sun.nio.ch.Net.connect(Net.java:454) ~[na:1.8.0_144]
	at sun.nio.ch.Net.connect(Net.java:446) ~[na:1.8.0_144]
	at sun.nio.ch.SocketChannelImpl.connect(SocketChannelImpl.java:648) ~[na:1.8.0_144]
	at java.nio.channels.SocketChannel.open(SocketChannel.java:189) ~[na:1.8.0_144]
	at oracle.net.nt.TimeoutSocketChannel.<init>(TimeoutSocketChannel.java:81) ~[ojdbc8-12.2.0.jar:12.2.0.1.0]
	at oracle.net.nt.TcpNTAdapter.connect(TcpNTAdapter.java:169) ~[ojdbc8-12.2.0.jar:12.2.0.1.0]
	... 50 common frames omitted

2018-02-09 09:05:07.745  INFO 19640 --- [main] com.zaxxer.hikari.HikariDataSource       : testdb - Starting...
2018-02-09 09:05:50.764 ERROR 19640 --- [main] com.zaxxer.hikari.pool.HikariPool        : testdb - Exception during pool initialization.

java.sql.SQLRecoverableException: IO Error: The Network Adapter could not establish the connection
	at oracle.jdbc.driver.T4CConnection.logon(T4CConnection.java:774) ~[ojdbc8-12.2.0.jar:12.2.0.1.0]
	at oracle.jdbc.driver.PhysicalConnection.connect(PhysicalConnection.java:688) ~[ojdbc8-12.2.0.jar:12.2.0.1.0]
	at oracle.jdbc.driver.T4CDriverExtension.getConnection(T4CDriverExtension.java:39) ~[ojdbc8-12.2.0.jar:12.2.0.1.0]
	at oracle.jdbc.driver.OracleDriver.connect(OracleDriver.java:691) ~[ojdbc8-12.2.0.jar:12.2.0.1.0]
	at com.zaxxer.hikari.util.DriverDataSource.getConnection(DriverDataSource.java:117) ~[HikariCP-2.7.4.jar:na]
	at com.zaxxer.hikari.util.DriverDataSource.getConnection(DriverDataSource.java:123) ~[HikariCP-2.7.4.jar:na]
	at com.zaxxer.hikari.pool.PoolBase.newConnection(PoolBase.java:375) ~[HikariCP-2.7.4.jar:na]
	at com.zaxxer.hikari.pool.PoolBase.newPoolEntry(PoolBase.java:204) ~[HikariCP-2.7.4.jar:na]
	at com.zaxxer.hikari.pool.HikariPool.createPoolEntry(HikariPool.java:459) [HikariCP-2.7.4.jar:na]
	at com.zaxxer.hikari.pool.HikariPool.checkFailFast(HikariPool.java:533) [HikariCP-2.7.4.jar:na]
	at com.zaxxer.hikari.pool.HikariPool.<init>(HikariPool.java:114) [HikariCP-2.7.4.jar:na]
	at com.zaxxer.hikari.HikariDataSource.getConnection(HikariDataSource.java:97) [HikariCP-2.7.4.jar:na]
	at org.hibernate.engine.jdbc.connections.internal.DatasourceConnectionProviderImpl.getConnection(DatasourceConnectionProviderImpl.java:122) [hibernate-core-5.2.12.Final.jar:5.2.12.Final]
	at org.hibernate.engine.jdbc.env.internal.JdbcEnvironmentInitiator$ConnectionProviderJdbcConnectionAccess.obtainConnection(JdbcEnvironmentInitiator.java:180) [hibernate-core-5.2.12.Final.jar:5.2.12.Final]
	at org.hibernate.resource.transaction.backend.jdbc.internal.DdlTransactionIsolatorNonJtaImpl.getIsolatedConnection(DdlTransactionIsolatorNonJtaImpl.java:43) [hibernate-core-5.2.12.Final.jar:5.2.12.Final]
	at org.hibernate.tool.schema.internal.exec.ImprovedExtractionContextImpl.getJdbcConnection(ImprovedExtractionContextImpl.java:60) [hibernate-core-5.2.12.Final.jar:5.2.12.Final]
	at org.hibernate.tool.schema.extract.internal.SequenceInformationExtractorLegacyImpl.extractMetadata(SequenceInformationExtractorLegacyImpl.java:40) [hibernate-core-5.2.12.Final.jar:5.2.12.Final]
	at org.hibernate.tool.schema.extract.internal.DatabaseInformationImpl.initializeSequences(DatabaseInformationImpl.java:65) [hibernate-core-5.2.12.Final.jar:5.2.12.Final]
	at org.hibernate.tool.schema.extract.internal.DatabaseInformationImpl.<init>(DatabaseInformationImpl.java:59) [hibernate-core-5.2.12.Final.jar:5.2.12.Final]
	at org.hibernate.tool.schema.internal.Helper.buildDatabaseInformation(Helper.java:132) [hibernate-core-5.2.12.Final.jar:5.2.12.Final]
	at org.hibernate.tool.schema.internal.AbstractSchemaMigrator.doMigration(AbstractSchemaMigrator.java:96) [hibernate-core-5.2.12.Final.jar:5.2.12.Final]
	at org.hibernate.tool.schema.spi.SchemaManagementToolCoordinator.performDatabaseAction(SchemaManagementToolCoordinator.java:183) [hibernate-core-5.2.12.Final.jar:5.2.12.Final]
	at org.hibernate.tool.schema.spi.SchemaManagementToolCoordinator.process(SchemaManagementToolCoordinator.java:72) [hibernate-core-5.2.12.Final.jar:5.2.12.Final]
	at org.hibernate.internal.SessionFactoryImpl.<init>(SessionFactoryImpl.java:313) [hibernate-core-5.2.12.Final.jar:5.2.12.Final]
	at org.hibernate.boot.internal.SessionFactoryBuilderImpl.build(SessionFactoryBuilderImpl.java:452) [hibernate-core-5.2.12.Final.jar:5.2.12.Final]
	at org.hibernate.jpa.boot.internal.EntityManagerFactoryBuilderImpl.build(EntityManagerFactoryBuilderImpl.java:889) [hibernate-core-5.2.12.Final.jar:5.2.12.Final]
	at org.springframework.orm.jpa.vendor.SpringHibernateJpaPersistenceProvider.createContainerEntityManagerFactory(SpringHibernateJpaPersistenceProvider.java:57) [spring-orm-5.0.2.RELEASE.jar:5.0.2.RELEASE]
	at org.springframework.orm.jpa.LocalContainerEntityManagerFactoryBean.createNativeEntityManagerFactory(LocalContainerEntityManagerFactoryBean.java:365) [spring-orm-5.0.2.RELEASE.jar:5.0.2.RELEASE]
	at org.springframework.orm.jpa.AbstractEntityManagerFactoryBean.buildNativeEntityManagerFactory(AbstractEntityManagerFactoryBean.java:387) [spring-orm-5.0.2.RELEASE.jar:5.0.2.RELEASE]
	at org.springframework.orm.jpa.AbstractEntityManagerFactoryBean.afterPropertiesSet(AbstractEntityManagerFactoryBean.java:376) [spring-orm-5.0.2.RELEASE.jar:5.0.2.RELEASE]
	at org.springframework.orm.jpa.LocalContainerEntityManagerFactoryBean.afterPropertiesSet(LocalContainerEntityManagerFactoryBean.java:341) [spring-orm-5.0.2.RELEASE.jar:5.0.2.RELEASE]
	at org.springframework.beans.factory.support.AbstractAutowireCapableBeanFactory.invokeInitMethods(AbstractAutowireCapableBeanFactory.java:1769) [spring-beans-5.0.2.RELEASE.jar:5.0.2.RELEASE]
	at org.springframework.beans.factory.support.AbstractAutowireCapableBeanFactory.initializeBean(AbstractAutowireCapableBeanFactory.java:1706) [spring-beans-5.0.2.RELEASE.jar:5.0.2.RELEASE]
	at org.springframework.beans.factory.support.AbstractAutowireCapableBeanFactory.doCreateBean(AbstractAutowireCapableBeanFactory.java:583) [spring-beans-5.0.2.RELEASE.jar:5.0.2.RELEASE]
	at org.springframework.beans.factory.support.AbstractAutowireCapableBeanFactory.createBean(AbstractAutowireCapableBeanFactory.java:502) [spring-beans-5.0.2.RELEASE.jar:5.0.2.RELEASE]
	at org.springframework.beans.factory.support.AbstractBeanFactory.lambda$doGetBean$0(AbstractBeanFactory.java:312) [spring-beans-5.0.2.RELEASE.jar:5.0.2.RELEASE]
	at org.springframework.beans.factory.support.DefaultSingletonBeanRegistry.getSingleton(DefaultSingletonBeanRegistry.java:228) ~[spring-beans-5.0.2.RELEASE.jar:5.0.2.RELEASE]
	at org.springframework.beans.factory.support.AbstractBeanFactory.doGetBean(AbstractBeanFactory.java:310) [spring-beans-5.0.2.RELEASE.jar:5.0.2.RELEASE]
	at org.springframework.beans.factory.support.AbstractBeanFactory.getBean(AbstractBeanFactory.java:200) [spring-beans-5.0.2.RELEASE.jar:5.0.2.RELEASE]
	at org.springframework.context.support.AbstractApplicationContext.getBean(AbstractApplicationContext.java:1085) ~[spring-context-5.0.2.RELEASE.jar:5.0.2.RELEASE]
	at org.springframework.context.support.AbstractApplicationContext.finishBeanFactoryInitialization(AbstractApplicationContext.java:858) ~[spring-context-5.0.2.RELEASE.jar:5.0.2.RELEASE]
	at org.springframework.context.support.AbstractApplicationContext.refresh(AbstractApplicationContext.java:549) ~[spring-context-5.0.2.RELEASE.jar:5.0.2.RELEASE]
	at org.springframework.boot.web.servlet.context.ServletWebServerApplicationContext.refresh(ServletWebServerApplicationContext.java:138) ~[spring-boot-2.0.0.M7.jar:2.0.0.M7]
	at org.springframework.boot.SpringApplication.refresh(SpringApplication.java:751) ~[spring-boot-2.0.0.M7.jar:2.0.0.M7]
	at org.springframework.boot.SpringApplication.refreshContext(SpringApplication.java:387) ~[spring-boot-2.0.0.M7.jar:2.0.0.M7]
	at org.springframework.boot.SpringApplication.run(SpringApplication.java:327) ~[spring-boot-2.0.0.M7.jar:2.0.0.M7]
	at org.springframework.boot.SpringApplication.run(SpringApplication.java:1245) ~[spring-boot-2.0.0.M7.jar:2.0.0.M7]
	at org.springframework.boot.SpringApplication.run(SpringApplication.java:1233) ~[spring-boot-2.0.0.M7.jar:2.0.0.M7]
	at com.fps.RmsApplication.main(RmsApplication.java:13) ~[classes/:na]
Caused by: oracle.net.ns.NetException: The Network Adapter could not establish the connection
	at oracle.net.nt.ConnStrategy.execute(ConnStrategy.java:523) ~[ojdbc8-12.2.0.jar:12.2.0.1.0]
	at oracle.net.resolver.AddrResolution.resolveAndExecute(AddrResolution.java:521) ~[ojdbc8-12.2.0.jar:12.2.0.1.0]
	at oracle.net.ns.NSProtocol.establishConnection(NSProtocol.java:660) ~[ojdbc8-12.2.0.jar:12.2.0.1.0]
	at oracle.net.ns.NSProtocol.connect(NSProtocol.java:286) ~[ojdbc8-12.2.0.jar:12.2.0.1.0]
	at oracle.jdbc.driver.T4CConnection.connect(T4CConnection.java:1438) ~[ojdbc8-12.2.0.jar:12.2.0.1.0]
	at oracle.jdbc.driver.T4CConnection.logon(T4CConnection.java:518) ~[ojdbc8-12.2.0.jar:12.2.0.1.0]
	... 48 common frames omitted
Caused by: java.io.IOException: Connection timed out: connect, socket connect lapse 21006 ms. /192.168.56.103 1521 30000 1 true
	at oracle.net.nt.TcpNTAdapter.connect(TcpNTAdapter.java:209) ~[ojdbc8-12.2.0.jar:12.2.0.1.0]
	at oracle.net.nt.ConnOption.connect(ConnOption.java:161) ~[ojdbc8-12.2.0.jar:12.2.0.1.0]
	at oracle.net.nt.ConnStrategy.execute(ConnStrategy.java:470) ~[ojdbc8-12.2.0.jar:12.2.0.1.0]
	... 53 common frames omitted
Caused by: java.net.ConnectException: Connection timed out: connect
	at sun.nio.ch.Net.connect0(Native Method) ~[na:1.8.0_144]
	at sun.nio.ch.Net.connect(Net.java:454) ~[na:1.8.0_144]
	at sun.nio.ch.Net.connect(Net.java:446) ~[na:1.8.0_144]
	at sun.nio.ch.SocketChannelImpl.connect(SocketChannelImpl.java:648) ~[na:1.8.0_144]
	at java.nio.channels.SocketChannel.open(SocketChannel.java:189) ~[na:1.8.0_144]
	at oracle.net.nt.TimeoutSocketChannel.<init>(TimeoutSocketChannel.java:81) ~[ojdbc8-12.2.0.jar:12.2.0.1.0]
	at oracle.net.nt.TcpNTAdapter.connect(TcpNTAdapter.java:169) ~[ojdbc8-12.2.0.jar:12.2.0.1.0]
	... 55 common frames omitted

2018-02-09 09:05:50.772  WARN 19640 --- [main] o.h.engine.jdbc.spi.SqlExceptionHelper   : SQL Error: 17002, SQLState: 08006
2018-02-09 09:05:50.772 ERROR 19640 --- [main] o.h.engine.jdbc.spi.SqlExceptionHelper   : IO Error: The Network Adapter could not establish the connection
2018-02-09 09:05:50.776  WARN 19640 --- [main] ConfigServletWebServerApplicationContext : Exception encountered during context initialization - cancelling refresh attempt: org.springframework.beans.factory.BeanCreationException: Error creating bean with name 'entityManagerFactory' defined in class path resource [org/springframework/boot/autoconfigure/orm/jpa/HibernateJpaConfiguration.class]: Invocation of init method failed; nested exception is javax.persistence.PersistenceException: [PersistenceUnit: default] Unable to build Hibernate SessionFactory
2018-02-09 09:05:50.776  INFO 19640 --- [main] o.apache.catalina.core.StandardService   : Stopping service [Tomcat]
2018-02-09 09:05:50.788  INFO 19640 --- [main] ConditionEvaluationReportLoggingListener : 

Error starting ApplicationContext. To display the conditions report re-run your application with 'debug' enabled.
2018-02-09 09:05:50.796 ERROR 19640 --- [main] o.s.boot.SpringApplication               : Application startup failed

org.springframework.beans.factory.BeanCreationException: Error creating bean with name 'entityManagerFactory' defined in class path resource [org/springframework/boot/autoconfigure/orm/jpa/HibernateJpaConfiguration.class]: Invocation of init method failed; nested exception is javax.persistence.PersistenceException: [PersistenceUnit: default] Unable to build Hibernate SessionFactory
	at org.springframework.beans.factory.support.AbstractAutowireCapableBeanFactory.initializeBean(AbstractAutowireCapableBeanFactory.java:1710) ~[spring-beans-5.0.2.RELEASE.jar:5.0.2.RELEASE]
	at org.springframework.beans.factory.support.AbstractAutowireCapableBeanFactory.doCreateBean(AbstractAutowireCapableBeanFactory.java:583) ~[spring-beans-5.0.2.RELEASE.jar:5.0.2.RELEASE]
	at org.springframework.beans.factory.support.AbstractAutowireCapableBeanFactory.createBean(AbstractAutowireCapableBeanFactory.java:502) ~[spring-beans-5.0.2.RELEASE.jar:5.0.2.RELEASE]
	at org.springframework.beans.factory.support.AbstractBeanFactory.lambda$doGetBean$0(AbstractBeanFactory.java:312) ~[spring-beans-5.0.2.RELEASE.jar:5.0.2.RELEASE]
	at org.springframework.beans.factory.support.DefaultSingletonBeanRegistry.getSingleton(DefaultSingletonBeanRegistry.java:228) ~[spring-beans-5.0.2.RELEASE.jar:5.0.2.RELEASE]
	at org.springframework.beans.factory.support.AbstractBeanFactory.doGetBean(AbstractBeanFactory.java:310) ~[spring-beans-5.0.2.RELEASE.jar:5.0.2.RELEASE]
	at org.springframework.beans.factory.support.AbstractBeanFactory.getBean(AbstractBeanFactory.java:200) ~[spring-beans-5.0.2.RELEASE.jar:5.0.2.RELEASE]
	at org.springframework.context.support.AbstractApplicationContext.getBean(AbstractApplicationContext.java:1085) ~[spring-context-5.0.2.RELEASE.jar:5.0.2.RELEASE]
	at org.springframework.context.support.AbstractApplicationContext.finishBeanFactoryInitialization(AbstractApplicationContext.java:858) ~[spring-context-5.0.2.RELEASE.jar:5.0.2.RELEASE]
	at org.springframework.context.support.AbstractApplicationContext.refresh(AbstractApplicationContext.java:549) ~[spring-context-5.0.2.RELEASE.jar:5.0.2.RELEASE]
	at org.springframework.boot.web.servlet.context.ServletWebServerApplicationContext.refresh(ServletWebServerApplicationContext.java:138) ~[spring-boot-2.0.0.M7.jar:2.0.0.M7]
	at org.springframework.boot.SpringApplication.refresh(SpringApplication.java:751) [spring-boot-2.0.0.M7.jar:2.0.0.M7]
	at org.springframework.boot.SpringApplication.refreshContext(SpringApplication.java:387) [spring-boot-2.0.0.M7.jar:2.0.0.M7]
	at org.springframework.boot.SpringApplication.run(SpringApplication.java:327) [spring-boot-2.0.0.M7.jar:2.0.0.M7]
	at org.springframework.boot.SpringApplication.run(SpringApplication.java:1245) [spring-boot-2.0.0.M7.jar:2.0.0.M7]
	at org.springframework.boot.SpringApplication.run(SpringApplication.java:1233) [spring-boot-2.0.0.M7.jar:2.0.0.M7]
	at com.fps.RmsApplication.main(RmsApplication.java:13) [classes/:na]
Caused by: javax.persistence.PersistenceException: [PersistenceUnit: default] Unable to build Hibernate SessionFactory
	at org.hibernate.jpa.boot.internal.EntityManagerFactoryBuilderImpl.persistenceException(EntityManagerFactoryBuilderImpl.java:967) ~[hibernate-core-5.2.12.Final.jar:5.2.12.Final]
	at org.hibernate.jpa.boot.internal.EntityManagerFactoryBuilderImpl.build(EntityManagerFactoryBuilderImpl.java:892) ~[hibernate-core-5.2.12.Final.jar:5.2.12.Final]
	at org.springframework.orm.jpa.vendor.SpringHibernateJpaPersistenceProvider.createContainerEntityManagerFactory(SpringHibernateJpaPersistenceProvider.java:57) ~[spring-orm-5.0.2.RELEASE.jar:5.0.2.RELEASE]
	at org.springframework.orm.jpa.LocalContainerEntityManagerFactoryBean.createNativeEntityManagerFactory(LocalContainerEntityManagerFactoryBean.java:365) ~[spring-orm-5.0.2.RELEASE.jar:5.0.2.RELEASE]
	at org.springframework.orm.jpa.AbstractEntityManagerFactoryBean.buildNativeEntityManagerFactory(AbstractEntityManagerFactoryBean.java:387) ~[spring-orm-5.0.2.RELEASE.jar:5.0.2.RELEASE]
	at org.springframework.orm.jpa.AbstractEntityManagerFactoryBean.afterPropertiesSet(AbstractEntityManagerFactoryBean.java:376) ~[spring-orm-5.0.2.RELEASE.jar:5.0.2.RELEASE]
	at org.springframework.orm.jpa.LocalContainerEntityManagerFactoryBean.afterPropertiesSet(LocalContainerEntityManagerFactoryBean.java:341) ~[spring-orm-5.0.2.RELEASE.jar:5.0.2.RELEASE]
	at org.springframework.beans.factory.support.AbstractAutowireCapableBeanFactory.invokeInitMethods(AbstractAutowireCapableBeanFactory.java:1769) ~[spring-beans-5.0.2.RELEASE.jar:5.0.2.RELEASE]
	at org.springframework.beans.factory.support.AbstractAutowireCapableBeanFactory.initializeBean(AbstractAutowireCapableBeanFactory.java:1706) ~[spring-beans-5.0.2.RELEASE.jar:5.0.2.RELEASE]
	... 16 common frames omitted
Caused by: org.hibernate.exception.JDBCConnectionException: Unable to open JDBC Connection for DDL execution
	at org.hibernate.exception.internal.SQLStateConversionDelegate.convert(SQLStateConversionDelegate.java:115) ~[hibernate-core-5.2.12.Final.jar:5.2.12.Final]
	at org.hibernate.exception.internal.StandardSQLExceptionConverter.convert(StandardSQLExceptionConverter.java:42) ~[hibernate-core-5.2.12.Final.jar:5.2.12.Final]
	at org.hibernate.engine.jdbc.spi.SqlExceptionHelper.convert(SqlExceptionHelper.java:111) ~[hibernate-core-5.2.12.Final.jar:5.2.12.Final]
	at org.hibernate.engine.jdbc.spi.SqlExceptionHelper.convert(SqlExceptionHelper.java:97) ~[hibernate-core-5.2.12.Final.jar:5.2.12.Final]
	at org.hibernate.resource.transaction.backend.jdbc.internal.DdlTransactionIsolatorNonJtaImpl.getIsolatedConnection(DdlTransactionIsolatorNonJtaImpl.java:69) ~[hibernate-core-5.2.12.Final.jar:5.2.12.Final]
	at org.hibernate.tool.schema.internal.exec.ImprovedExtractionContextImpl.getJdbcConnection(ImprovedExtractionContextImpl.java:60) ~[hibernate-core-5.2.12.Final.jar:5.2.12.Final]
	at org.hibernate.tool.schema.extract.internal.SequenceInformationExtractorLegacyImpl.extractMetadata(SequenceInformationExtractorLegacyImpl.java:40) ~[hibernate-core-5.2.12.Final.jar:5.2.12.Final]
	at org.hibernate.tool.schema.extract.internal.DatabaseInformationImpl.initializeSequences(DatabaseInformationImpl.java:65) ~[hibernate-core-5.2.12.Final.jar:5.2.12.Final]
	at org.hibernate.tool.schema.extract.internal.DatabaseInformationImpl.<init>(DatabaseInformationImpl.java:59) ~[hibernate-core-5.2.12.Final.jar:5.2.12.Final]
	at org.hibernate.tool.schema.internal.Helper.buildDatabaseInformation(Helper.java:132) ~[hibernate-core-5.2.12.Final.jar:5.2.12.Final]
	at org.hibernate.tool.schema.internal.AbstractSchemaMigrator.doMigration(AbstractSchemaMigrator.java:96) ~[hibernate-core-5.2.12.Final.jar:5.2.12.Final]
	at org.hibernate.tool.schema.spi.SchemaManagementToolCoordinator.performDatabaseAction(SchemaManagementToolCoordinator.java:183) ~[hibernate-core-5.2.12.Final.jar:5.2.12.Final]
	at org.hibernate.tool.schema.spi.SchemaManagementToolCoordinator.process(SchemaManagementToolCoordinator.java:72) ~[hibernate-core-5.2.12.Final.jar:5.2.12.Final]
	at org.hibernate.internal.SessionFactoryImpl.<init>(SessionFactoryImpl.java:313) ~[hibernate-core-5.2.12.Final.jar:5.2.12.Final]
	at org.hibernate.boot.internal.SessionFactoryBuilderImpl.build(SessionFactoryBuilderImpl.java:452) ~[hibernate-core-5.2.12.Final.jar:5.2.12.Final]
	at org.hibernate.jpa.boot.internal.EntityManagerFactoryBuilderImpl.build(EntityManagerFactoryBuilderImpl.java:889) ~[hibernate-core-5.2.12.Final.jar:5.2.12.Final]
	... 23 common frames omitted
Caused by: java.sql.SQLRecoverableException: IO Error: The Network Adapter could not establish the connection
	at oracle.jdbc.driver.T4CConnection.logon(T4CConnection.java:774) ~[ojdbc8-12.2.0.jar:12.2.0.1.0]
	at oracle.jdbc.driver.PhysicalConnection.connect(PhysicalConnection.java:688) ~[ojdbc8-12.2.0.jar:12.2.0.1.0]
	at oracle.jdbc.driver.T4CDriverExtension.getConnection(T4CDriverExtension.java:39) ~[ojdbc8-12.2.0.jar:12.2.0.1.0]
	at oracle.jdbc.driver.OracleDriver.connect(OracleDriver.java:691) ~[ojdbc8-12.2.0.jar:12.2.0.1.0]
	at com.zaxxer.hikari.util.DriverDataSource.getConnection(DriverDataSource.java:117) ~[HikariCP-2.7.4.jar:na]
	at com.zaxxer.hikari.util.DriverDataSource.getConnection(DriverDataSource.java:123) ~[HikariCP-2.7.4.jar:na]
	at com.zaxxer.hikari.pool.PoolBase.newConnection(PoolBase.java:375) ~[HikariCP-2.7.4.jar:na]
	at com.zaxxer.hikari.pool.PoolBase.newPoolEntry(PoolBase.java:204) ~[HikariCP-2.7.4.jar:na]
	at com.zaxxer.hikari.pool.HikariPool.createPoolEntry(HikariPool.java:459) ~[HikariCP-2.7.4.jar:na]
	at com.zaxxer.hikari.pool.HikariPool.checkFailFast(HikariPool.java:533) ~[HikariCP-2.7.4.jar:na]
	at com.zaxxer.hikari.pool.HikariPool.<init>(HikariPool.java:114) ~[HikariCP-2.7.4.jar:na]
	at com.zaxxer.hikari.HikariDataSource.getConnection(HikariDataSource.java:97) ~[HikariCP-2.7.4.jar:na]
	at org.hibernate.engine.jdbc.connections.internal.DatasourceConnectionProviderImpl.getConnection(DatasourceConnectionProviderImpl.java:122) ~[hibernate-core-5.2.12.Final.jar:5.2.12.Final]
	at org.hibernate.engine.jdbc.env.internal.JdbcEnvironmentInitiator$ConnectionProviderJdbcConnectionAccess.obtainConnection(JdbcEnvironmentInitiator.java:180) ~[hibernate-core-5.2.12.Final.jar:5.2.12.Final]
	at org.hibernate.resource.transaction.backend.jdbc.internal.DdlTransactionIsolatorNonJtaImpl.getIsolatedConnection(DdlTransactionIsolatorNonJtaImpl.java:43) ~[hibernate-core-5.2.12.Final.jar:5.2.12.Final]
	... 34 common frames omitted
Caused by: oracle.net.ns.NetException: The Network Adapter could not establish the connection
	at oracle.net.nt.ConnStrategy.execute(ConnStrategy.java:523) ~[ojdbc8-12.2.0.jar:12.2.0.1.0]
	at oracle.net.resolver.AddrResolution.resolveAndExecute(AddrResolution.java:521) ~[ojdbc8-12.2.0.jar:12.2.0.1.0]
	at oracle.net.ns.NSProtocol.establishConnection(NSProtocol.java:660) ~[ojdbc8-12.2.0.jar:12.2.0.1.0]
	at oracle.net.ns.NSProtocol.connect(NSProtocol.java:286) ~[ojdbc8-12.2.0.jar:12.2.0.1.0]
	at oracle.jdbc.driver.T4CConnection.connect(T4CConnection.java:1438) ~[ojdbc8-12.2.0.jar:12.2.0.1.0]
	at oracle.jdbc.driver.T4CConnection.logon(T4CConnection.java:518) ~[ojdbc8-12.2.0.jar:12.2.0.1.0]
	... 48 common frames omitted
Caused by: java.io.IOException: Connection timed out: connect, socket connect lapse 21006 ms. /192.168.56.103 1521 30000 1 true
	at oracle.net.nt.TcpNTAdapter.connect(TcpNTAdapter.java:209) ~[ojdbc8-12.2.0.jar:12.2.0.1.0]
	at oracle.net.nt.ConnOption.connect(ConnOption.java:161) ~[ojdbc8-12.2.0.jar:12.2.0.1.0]
	at oracle.net.nt.ConnStrategy.execute(ConnStrategy.java:470) ~[ojdbc8-12.2.0.jar:12.2.0.1.0]
	... 53 common frames omitted
Caused by: java.net.ConnectException: Connection timed out: connect
	at sun.nio.ch.Net.connect0(Native Method) ~[na:1.8.0_144]
	at sun.nio.ch.Net.connect(Net.java:454) ~[na:1.8.0_144]
	at sun.nio.ch.Net.connect(Net.java:446) ~[na:1.8.0_144]
	at sun.nio.ch.SocketChannelImpl.connect(SocketChannelImpl.java:648) ~[na:1.8.0_144]
	at java.nio.channels.SocketChannel.open(SocketChannel.java:189) ~[na:1.8.0_144]
	at oracle.net.nt.TimeoutSocketChannel.<init>(TimeoutSocketChannel.java:81) ~[ojdbc8-12.2.0.jar:12.2.0.1.0]
	at oracle.net.nt.TcpNTAdapter.connect(TcpNTAdapter.java:169) ~[ojdbc8-12.2.0.jar:12.2.0.1.0]
	... 55 common frames omitted

